#
# There is insufficient memory for the Java Runtime Environment to continue.
# Native memory allocation (mmap) failed to map 84934656 bytes for Failed to commit area from 0x0000000085100000 to 0x000000008a200000 of length 84934656.
# Possible reasons:
#   The system is out of physical RAM or swap space
#   The process is running with CompressedOops enabled, and the Java Heap may be blocking the growth of the native heap
# Possible solutions:
#   Reduce memory load on the system
#   Increase physical memory or swap space
#   Check if swap backing store is full
#   Decrease Java heap size (-Xmx/-Xms)
#   Decrease number of Java threads
#   Decrease Java thread stack sizes (-Xss)
#   Set larger code cache with -XX:ReservedCodeCacheSize=
#   JVM is running with Unscaled Compressed Oops mode in which the Java heap is
#     placed in the first 4GB address space. The Java Heap base address is the
#     maximum limit for the native heap growth. Please use -XX:HeapBaseMinAddress
#     to set the Java Heap base and to place the Java Heap above 4GB virtual address.
# This output file may be truncated or incomplete.
#
#  Out of Memory Error (./src/hotspot/os/windows/os_windows.cpp:3386), pid=26480, tid=27288
#
# JRE version: OpenJDK Runtime Environment Temurin-11.0.16.1+1 (11.0.16.1+1) (build 11.0.16.1+1)
# Java VM: OpenJDK 64-Bit Server VM Temurin-11.0.16.1+1 (11.0.16.1+1, mixed mode, tiered, compressed oops, g1 gc, windows-amd64)
# No core dump will be written. Minidumps are not enabled by default on client versions of Windows
#

---------------  S U M M A R Y ------------

Command Line: -XX:MaxMetaspaceSize=512m --add-opens=java.base/java.util=ALL-UNNAMED --add-opens=java.base/java.lang=ALL-UNNAMED --add-opens=java.base/java.lang.invoke=ALL-UNNAMED --add-opens=java.base/java.util=ALL-UNNAMED --add-opens=java.prefs/java.util.prefs=ALL-UNNAMED --add-opens=java.prefs/java.util.prefs=ALL-UNNAMED --add-opens=java.base/java.nio.charset=ALL-UNNAMED --add-opens=java.base/java.net=ALL-UNNAMED --add-opens=java.base/java.util.concurrent.atomic=ALL-UNNAMED -Xmx2048m -Dfile.encoding=utf8 -Duser.country=GB -Duser.language=en -Duser.variant org.gradle.launcher.daemon.bootstrap.GradleDaemon 7.5.1

Host: Intel(R) Core(TM)2 Duo CPU     P8700  @ 2.53GHz, 2 cores, 1G,  Windows 10 , 64 bit Build 19041 (10.0.19041.2364)
Time: Thu Jan 12 19:30:29 2023 E. Africa Standard Time elapsed time: 799.007598 seconds (0d 0h 13m 19s)

---------------  T H R E A D  ---------------

Current thread (0x00000257cff70000):  VMThread "VM Thread" [stack: 0x0000005e6e700000,0x0000005e6e800000] [id=27288]

Stack: [0x0000005e6e700000,0x0000005e6e800000]
[error occurred during error reporting (printing stack bounds), id 0xc0000005, EXCEPTION_ACCESS_VIOLATION (0xc0000005) at pc=0x00000257b9bb113d]

Native frames: (J=compiled Java code, j=interpreted, Vv=VM code, C=native code)
V  [jvm.dll+0x61f18a]
V  [jvm.dll+0x7abb09]
V  [jvm.dll+0x7ad1f8]
V  [jvm.dll+0x7ad835]
V  [jvm.dll+0x7ad7eb]
V  [jvm.dll+0x61e517]
V  [jvm.dll+0x61ec28]
C  [ntdll.dll+0xa241f]
C  [ntdll.dll+0x514a4]
C  [ntdll.dll+0xa0f4e]
C  0x00000257b9bb113d

VM_Operation (0x0000005e6f3fead0): G1CollectForAllocation, mode: safepoint, requested by thread 0x00000257d0e21800


---------------  P R O C E S S  ---------------

Threads class SMR info:
_java_thread_list=0x00000257d842edf0, length=62, elements={
0x00000257b1462000, 0x00000257cff76000, 0x00000257cff77800, 0x00000257cffd6800,
0x00000257cffd9000, 0x00000257cffda800, 0x00000257cffdf000, 0x00000257cffe4000,
0x00000257cffe6800, 0x00000257d024a800, 0x00000257d0e21800, 0x00000257d0cc8800,
0x00000257d05d2800, 0x00000257d05d3000, 0x00000257d11d1800, 0x00000257d0b3d800,
0x00000257d0f40000, 0x00000257d0f40800, 0x00000257d2b9b800, 0x00000257d19d1000,
0x00000257d19d3800, 0x00000257d19d2000, 0x00000257d19ce800, 0x00000257d19cf800,
0x00000257d19d2800, 0x00000257d19d5000, 0x00000257d19d4000, 0x00000257d19d0000,
0x00000257d2422800, 0x00000257d2423800, 0x00000257d2426000, 0x00000257d2420800,
0x00000257d2422000, 0x00000257d242a000, 0x00000257d242e000, 0x00000257d2428800,
0x00000257d242b800, 0x00000257d242f000, 0x00000257d2429800, 0x00000257d242b000,
0x00000257d242c800, 0x00000257d242d800, 0x00000257d4b6e000, 0x00000257d4b69800,
0x00000257d4b6f000, 0x00000257d4b6c800, 0x00000257d4b6d800, 0x00000257d4b70000,
0x00000257d4b6a000, 0x00000257d4b6b800, 0x00000257d4b70800, 0x00000257d4b6b000,
0x00000257d4b73000, 0x00000257d4b75800, 0x00000257d4b74800, 0x00000257d4b71800,
0x00000257d4b77000, 0x00000257d4b74000, 0x00000257d4b78000, 0x00000257d4b72000,
0x00000257d4d69000, 0x00000257d4d69800
}

Java Threads: ( => current thread )
  0x00000257b1462000 JavaThread "main" [_thread_blocked, id=26848, stack(0x0000005e6e100000,0x0000005e6e200000)]
  0x00000257cff76000 JavaThread "Reference Handler" daemon [_thread_blocked, id=13780, stack(0x0000005e6e800000,0x0000005e6e900000)]
  0x00000257cff77800 JavaThread "Finalizer" daemon [_thread_blocked, id=26312, stack(0x0000005e6e900000,0x0000005e6ea00000)]
  0x00000257cffd6800 JavaThread "Signal Dispatcher" daemon [_thread_blocked, id=25628, stack(0x0000005e6ea00000,0x0000005e6eb00000)]
  0x00000257cffd9000 JavaThread "Attach Listener" daemon [_thread_blocked, id=27296, stack(0x0000005e6eb00000,0x0000005e6ec00000)]
  0x00000257cffda800 JavaThread "Service Thread" daemon [_thread_blocked, id=24732, stack(0x0000005e6ec00000,0x0000005e6ed00000)]
  0x00000257cffdf000 JavaThread "C2 CompilerThread0" daemon [_thread_blocked, id=14340, stack(0x0000005e6ed00000,0x0000005e6ee00000)]
  0x00000257cffe4000 JavaThread "C1 CompilerThread0" daemon [_thread_blocked, id=25340, stack(0x0000005e6ee00000,0x0000005e6ef00000)]
  0x00000257cffe6800 JavaThread "Sweeper thread" daemon [_thread_blocked, id=27360, stack(0x0000005e6ef00000,0x0000005e6f000000)]
  0x00000257d024a800 JavaThread "Common-Cleaner" daemon [_thread_blocked, id=27416, stack(0x0000005e6f000000,0x0000005e6f100000)]
  0x00000257d0e21800 JavaThread "Daemon health stats" [_thread_blocked, id=23796, stack(0x0000005e6f300000,0x0000005e6f400000)]
  0x00000257d0cc8800 JavaThread "Incoming local TCP Connector on port 56489" [_thread_in_native, id=27284, stack(0x0000005e6f400000,0x0000005e6f500000)]
  0x00000257d05d2800 JavaThread "Daemon periodic checks" [_thread_blocked, id=20744, stack(0x0000005e6e000000,0x0000005e6e100000)]
  0x00000257d05d3000 JavaThread "Daemon" [_thread_blocked, id=27568, stack(0x0000005e6f500000,0x0000005e6f600000)]
  0x00000257d11d1800 JavaThread "Handler for socket connection from /127.0.0.1:56489 to /127.0.0.1:56490" [_thread_in_native, id=26320, stack(0x0000005e6f600000,0x0000005e6f700000)]
  0x00000257d0b3d800 JavaThread "Cancel handler" [_thread_blocked, id=20892, stack(0x0000005e6f700000,0x0000005e6f800000)]
  0x00000257d0f40000 JavaThread "Daemon worker" [_thread_blocked, id=26112, stack(0x0000005e6f800000,0x0000005e6f900000)]
  0x00000257d0f40800 JavaThread "Asynchronous log dispatcher for DefaultDaemonConnection: socket connection from /127.0.0.1:56489 to /127.0.0.1:56490" [_thread_blocked, id=23820, stack(0x0000005e6f900000,0x0000005e6fa00000)]
  0x00000257d2b9b800 JavaThread "Daemon client event forwarder" [_thread_blocked, id=23128, stack(0x0000005e6fb00000,0x0000005e6fc00000)]
  0x00000257d19d1000 JavaThread "Cache worker for journal cache (C:\Users\elank\.gradle\caches\journal-1)" [_thread_blocked, id=27304, stack(0x0000005e6fe00000,0x0000005e6ff00000)]
  0x00000257d19d3800 JavaThread "File lock request listener" [_thread_in_native, id=25104, stack(0x0000005e6ff00000,0x0000005e70000000)]
  0x00000257d19d2000 JavaThread "Cache worker for file hash cache (C:\Users\elank\.gradle\caches\7.5.1\fileHashes)" [_thread_blocked, id=27448, stack(0x0000005e70000000,0x0000005e70100000)]
  0x00000257d19ce800 JavaThread "File watcher server" daemon [_thread_in_native, id=26268, stack(0x0000005e6df00000,0x0000005e6e000000)]
  0x00000257d19cf800 JavaThread "File watcher consumer" daemon [_thread_blocked, id=25692, stack(0x0000005e70100000,0x0000005e70200000)]
  0x00000257d19d2800 JavaThread "Cache worker for checksums cache (C:\Users\elank\Documents\RNApps\Elan\RapidAPI\android\.gradle\7.5.1\checksums)" [_thread_blocked, id=21756, stack(0x0000005e70200000,0x0000005e70300000)]
  0x00000257d19d5000 JavaThread "Cache worker for cache directory md-rule (C:\Users\elank\.gradle\caches\7.5.1\md-rule)" [_thread_blocked, id=9172, stack(0x0000005e70300000,0x0000005e70400000)]
  0x00000257d19d4000 JavaThread "Cache worker for file content cache (C:\Users\elank\.gradle\caches\7.5.1\fileContent)" [_thread_blocked, id=27204, stack(0x0000005e70400000,0x0000005e70500000)]
  0x00000257d19d0000 JavaThread "Cache worker for file hash cache (C:\Users\elank\Documents\RNApps\Elan\RapidAPI\android\.gradle\7.5.1\fileHashes)" [_thread_blocked, id=26336, stack(0x0000005e70500000,0x0000005e70600000)]
  0x00000257d2422800 JavaThread "Cache worker for cache directory md-supplier (C:\Users\elank\.gradle\caches\7.5.1\md-supplier)" [_thread_blocked, id=25912, stack(0x0000005e70600000,0x0000005e70700000)]
  0x00000257d2423800 JavaThread "Cache worker for execution history cache (C:\Users\elank\.gradle\caches\7.5.1\executionHistory)" [_thread_blocked, id=17964, stack(0x0000005e70700000,0x0000005e70800000)]
  0x00000257d2426000 JavaThread "jar transforms" [_thread_blocked, id=26440, stack(0x0000005e70800000,0x0000005e70900000)]
  0x00000257d2420800 JavaThread "jar transforms Thread 2" [_thread_blocked, id=27528, stack(0x0000005e70900000,0x0000005e70a00000)]
  0x00000257d2422000 JavaThread "Cache worker for kotlin-dsl (C:\Users\elank\.gradle\caches\7.5.1\kotlin-dsl)" [_thread_blocked, id=26552, stack(0x0000005e6fc00000,0x0000005e6fd00000)]
  0x00000257d242a000 JavaThread "Cache worker for dependencies-accessors (C:\Users\elank\Documents\RNApps\Elan\RapidAPI\android\.gradle\7.5.1\dependencies-accessors)" [_thread_blocked, id=25248, stack(0x0000005e6fd00000,0x0000005e6fe00000)]
  0x00000257d242e000 JavaThread "Cache worker for Build Output Cleanup Cache (C:\Users\elank\Documents\RNApps\Elan\RapidAPI\node_modules\react-native-gradle-plugin\.gradle\buildOutputCleanup)" [_thread_blocked, id=24716, stack(0x0000005e70a00000,0x0000005e70b00000)]
  0x00000257d2428800 JavaThread "Unconstrained build operations" [_thread_blocked, id=26592, stack(0x0000005e70b00000,0x0000005e70c00000)]
  0x00000257d242b800 JavaThread "Unconstrained build operations Thread 2" [_thread_blocked, id=27620, stack(0x0000005e70c00000,0x0000005e70d00000)]
  0x00000257d242f000 JavaThread "Unconstrained build operations Thread 3" [_thread_blocked, id=26764, stack(0x0000005e70d00000,0x0000005e70e00000)]
  0x00000257d2429800 JavaThread "Unconstrained build operations Thread 4" [_thread_blocked, id=27452, stack(0x0000005e70e00000,0x0000005e70f00000)]
  0x00000257d242b000 JavaThread "Unconstrained build operations Thread 5" [_thread_blocked, id=26812, stack(0x0000005e70f00000,0x0000005e71000000)]
  0x00000257d242c800 JavaThread "Unconstrained build operations Thread 6" [_thread_blocked, id=25048, stack(0x0000005e71000000,0x0000005e71100000)]
  0x00000257d242d800 JavaThread "Unconstrained build operations Thread 7" [_thread_blocked, id=27376, stack(0x0000005e71100000,0x0000005e71200000)]
  0x00000257d4b6e000 JavaThread "Unconstrained build operations Thread 8" [_thread_blocked, id=26804, stack(0x0000005e71200000,0x0000005e71300000)]
  0x00000257d4b69800 JavaThread "Unconstrained build operations Thread 9" [_thread_blocked, id=24592, stack(0x0000005e71300000,0x0000005e71400000)]
  0x00000257d4b6f000 JavaThread "Unconstrained build operations Thread 10" [_thread_blocked, id=27140, stack(0x0000005e71400000,0x0000005e71500000)]
  0x00000257d4b6c800 JavaThread "Unconstrained build operations Thread 11" [_thread_blocked, id=25928, stack(0x0000005e71500000,0x0000005e71600000)]
  0x00000257d4b6d800 JavaThread "Unconstrained build operations Thread 12" [_thread_blocked, id=26652, stack(0x0000005e71600000,0x0000005e71700000)]
  0x00000257d4b70000 JavaThread "Unconstrained build operations Thread 13" [_thread_blocked, id=26760, stack(0x0000005e71700000,0x0000005e71800000)]
  0x00000257d4b6a000 JavaThread "Unconstrained build operations Thread 14" [_thread_blocked, id=27292, stack(0x0000005e71800000,0x0000005e71900000)]
  0x00000257d4b6b800 JavaThread "Unconstrained build operations Thread 15" [_thread_blocked, id=24684, stack(0x0000005e71900000,0x0000005e71a00000)]
  0x00000257d4b70800 JavaThread "Unconstrained build operations Thread 16" [_thread_blocked, id=26860, stack(0x0000005e71a00000,0x0000005e71b00000)]
  0x00000257d4b6b000 JavaThread "Unconstrained build operations Thread 17" [_thread_blocked, id=25512, stack(0x0000005e71b00000,0x0000005e71c00000)]
  0x00000257d4b73000 JavaThread "Unconstrained build operations Thread 18" [_thread_blocked, id=25736, stack(0x0000005e71c00000,0x0000005e71d00000)]
  0x00000257d4b75800 JavaThread "Unconstrained build operations Thread 19" [_thread_blocked, id=26420, stack(0x0000005e71d00000,0x0000005e71e00000)]
  0x00000257d4b74800 JavaThread "Unconstrained build operations Thread 20" [_thread_blocked, id=26716, stack(0x0000005e71e00000,0x0000005e71f00000)]
  0x00000257d4b71800 JavaThread "build event listener" [_thread_blocked, id=26668, stack(0x0000005e71f00000,0x0000005e72000000)]
  0x00000257d4b77000 JavaThread "Memory manager" [_thread_blocked, id=25988, stack(0x0000005e72000000,0x0000005e72100000)]
  0x00000257d4b74000 JavaThread "Cache worker for Build Output Cleanup Cache (C:\Users\elank\Documents\RNApps\Elan\RapidAPI\android\.gradle\buildOutputCleanup)" [_thread_blocked, id=27152, stack(0x0000005e72100000,0x0000005e72200000)]
  0x00000257d4b78000 JavaThread "included builds" [_thread_in_native, id=26680, stack(0x0000005e6fa00000,0x0000005e6fb00000)]
  0x00000257d4b72000 JavaThread "Execution worker" [_thread_blocked, id=24600, stack(0x0000005e72200000,0x0000005e72300000)]
  0x00000257d4d69000 JavaThread "Cache worker for execution history cache (C:\Users\elank\Documents\RNApps\Elan\RapidAPI\node_modules\react-native-gradle-plugin\.gradle\7.5.1\executionHistory)" [_thread_blocked, id=26232, stack(0x0000005e72300000,0x0000005e72400000)]
  0x00000257d4d69800 JavaThread "Thread-51" [_thread_in_native, id=27928, stack(0x0000005e72600000,0x0000005e72700000)]

Other Threads:
=>0x00000257cff70000 VMThread "VM Thread" [stack: 0x0000005e6e700000,0x0000005e6e800000] [id=27288]
  0x00000257d0264000 WatcherThread [stack: 0x0000005e6f100000,0x0000005e6f200000] [id=14888]
  0x00000257b1474800 GCTaskThread "GC Thread#0" [stack: 0x0000005e6e200000,0x0000005e6e300000] [id=24288]
  0x00000257d045e000 GCTaskThread "GC Thread#1" [stack: 0x0000005e6f200000,0x0000005e6f300000] [id=26060]
  0x00000257b14a5800 ConcurrentGCThread "G1 Main Marker" [stack: 0x0000005e6e300000,0x0000005e6e400000] [id=27504]
  0x00000257b14a8000 ConcurrentGCThread "G1 Conc#0" [stack: 0x0000005e6e400000,0x0000005e6e500000] [id=27500]
  0x00000257b14dd800 ConcurrentGCThread "G1 Refine#0" [stack: 0x0000005e6e500000,0x0000005e6e600000] [id=24944]
  0x00000257b14de800 ConcurrentGCThread "G1 Young RemSet Sampling" [stack: 0x0000005e6e600000,0x0000005e6e700000] [id=26380]

Threads with active compile tasks:

VM state:at safepoint (normal execution)

VM Mutex/Monitor currently owned by a thread:  ([mutex/lock_event])
[0x00000257b145e4c0] Threads_lock - owner thread: 0x00000257cff70000
[0x00000257b145dce0] Heap_lock - owner thread: 0x00000257d0e21800

Heap address: 0x0000000080000000, size: 2048 MB, Compressed Oops mode: 32-bit
Narrow klass base: 0x0000000000000000, Narrow klass shift: 3
Compressed class space size: 528482304 Address: 0x0000000100000000

Heap:
 garbage-first heap   total 165888K, used 55031K [0x0000000080000000, 0x0000000100000000)
  region size 1024K, 1 young (1024K), 1 survivors (1024K)
 Metaspace       used 72554K, capacity 74846K, committed 75136K, reserved 581632K
  class space    used 9445K, capacity 10318K, committed 10368K, reserved 516096K
Heap Regions: E=young(eden), S=young(survivor), O=old, HS=humongous(starts), HC=humongous(continues), CS=collection set, F=free, A=archive, TAMS=top-at-mark-start (previous, next)
|   0|0x0000000080000000, 0x0000000080100000, 0x0000000080100000|100%| O|  |TAMS 0x0000000080100000, 0x0000000080100000| Untracked 
|   1|0x0000000080100000, 0x0000000080200000, 0x0000000080200000|100%| O|  |TAMS 0x0000000080200000, 0x0000000080200000| Untracked 
|   2|0x0000000080200000, 0x0000000080300000, 0x0000000080300000|100%| O|  |TAMS 0x0000000080300000, 0x0000000080300000| Untracked 
|   3|0x0000000080300000, 0x0000000080400000, 0x0000000080400000|100%| O|  |TAMS 0x0000000080400000, 0x0000000080400000| Untracked 
|   4|0x0000000080400000, 0x0000000080500000, 0x0000000080500000|100%|HS|  |TAMS 0x0000000080500000, 0x0000000080500000| Complete 
|   5|0x0000000080500000, 0x0000000080600000, 0x0000000080600000|100%|HC|  |TAMS 0x0000000080600000, 0x0000000080600000| Complete 
|   6|0x0000000080600000, 0x0000000080700000, 0x0000000080700000|100%|HC|  |TAMS 0x0000000080700000, 0x0000000080700000| Complete 
|   7|0x0000000080700000, 0x0000000080800000, 0x0000000080800000|100%| O|  |TAMS 0x0000000080800000, 0x0000000080800000| Untracked 
|   8|0x0000000080800000, 0x0000000080900000, 0x0000000080900000|100%| O|  |TAMS 0x0000000080900000, 0x0000000080900000| Untracked 
|   9|0x0000000080900000, 0x0000000080a00000, 0x0000000080a00000|100%| O|  |TAMS 0x0000000080a00000, 0x0000000080a00000| Untracked 
|  10|0x0000000080a00000, 0x0000000080b00000, 0x0000000080b00000|100%| O|  |TAMS 0x0000000080b00000, 0x0000000080b00000| Untracked 
|  11|0x0000000080b00000, 0x0000000080c00000, 0x0000000080c00000|100%| O|  |TAMS 0x0000000080c00000, 0x0000000080c00000| Untracked 
|  12|0x0000000080c00000, 0x0000000080d00000, 0x0000000080d00000|100%| O|  |TAMS 0x0000000080d00000, 0x0000000080d00000| Untracked 
|  13|0x0000000080d00000, 0x0000000080e00000, 0x0000000080e00000|100%| O|  |TAMS 0x0000000080e00000, 0x0000000080e00000| Untracked 
|  14|0x0000000080e00000, 0x0000000080f00000, 0x0000000080f00000|100%| O|  |TAMS 0x0000000080f00000, 0x0000000080f00000| Untracked 
|  15|0x0000000080f00000, 0x0000000081000000, 0x0000000081000000|100%| O|  |TAMS 0x0000000081000000, 0x0000000081000000| Untracked 
|  16|0x0000000081000000, 0x0000000081100000, 0x0000000081100000|100%| O|  |TAMS 0x0000000081100000, 0x0000000081100000| Untracked 
|  17|0x0000000081100000, 0x0000000081200000, 0x0000000081200000|100%| O|  |TAMS 0x0000000081200000, 0x0000000081200000| Untracked 
|  18|0x0000000081200000, 0x0000000081300000, 0x0000000081300000|100%| O|  |TAMS 0x0000000081300000, 0x0000000081300000| Untracked 
|  19|0x0000000081300000, 0x0000000081400000, 0x0000000081400000|100%| O|  |TAMS 0x0000000081400000, 0x0000000081400000| Untracked 
|  20|0x0000000081400000, 0x0000000081500000, 0x0000000081500000|100%| O|  |TAMS 0x0000000081500000, 0x0000000081500000| Untracked 
|  21|0x0000000081500000, 0x0000000081600000, 0x0000000081600000|100%| O|  |TAMS 0x0000000081600000, 0x0000000081600000| Untracked 
|  22|0x0000000081600000, 0x0000000081700000, 0x0000000081700000|100%| O|  |TAMS 0x0000000081700000, 0x0000000081700000| Untracked 
|  23|0x0000000081700000, 0x0000000081800000, 0x0000000081800000|100%| O|  |TAMS 0x0000000081800000, 0x0000000081800000| Untracked 
|  24|0x0000000081800000, 0x0000000081900000, 0x0000000081900000|100%| O|  |TAMS 0x0000000081900000, 0x0000000081900000| Untracked 
|  25|0x0000000081900000, 0x0000000081a00000, 0x0000000081a00000|100%| O|  |TAMS 0x0000000081a00000, 0x0000000081a00000| Untracked 
|  26|0x0000000081a00000, 0x0000000081b00000, 0x0000000081b00000|100%| O|  |TAMS 0x0000000081b00000, 0x0000000081b00000| Untracked 
|  27|0x0000000081b00000, 0x0000000081c00000, 0x0000000081c00000|100%| O|  |TAMS 0x0000000081c00000, 0x0000000081c00000| Untracked 
|  28|0x0000000081c00000, 0x0000000081d00000, 0x0000000081d00000|100%| O|  |TAMS 0x0000000081d00000, 0x0000000081d00000| Untracked 
|  29|0x0000000081d00000, 0x0000000081e00000, 0x0000000081e00000|100%| O|  |TAMS 0x0000000081e00000, 0x0000000081e00000| Untracked 
|  30|0x0000000081e00000, 0x0000000081f00000, 0x0000000081f00000|100%| O|  |TAMS 0x0000000081f00000, 0x0000000081f00000| Untracked 
|  31|0x0000000081f00000, 0x0000000082000000, 0x0000000082000000|100%| O|  |TAMS 0x0000000082000000, 0x0000000082000000| Untracked 
|  32|0x0000000082000000, 0x0000000082100000, 0x0000000082100000|100%| O|  |TAMS 0x0000000082100000, 0x0000000082100000| Untracked 
|  33|0x0000000082100000, 0x0000000082200000, 0x0000000082200000|100%| O|  |TAMS 0x0000000082200000, 0x0000000082200000| Untracked 
|  34|0x0000000082200000, 0x0000000082300000, 0x0000000082300000|100%|HS|  |TAMS 0x0000000082300000, 0x0000000082300000| Complete 
|  35|0x0000000082300000, 0x0000000082400000, 0x0000000082400000|100%|HS|  |TAMS 0x0000000082400000, 0x0000000082400000| Complete 
|  36|0x0000000082400000, 0x0000000082500000, 0x0000000082500000|100%|HC|  |TAMS 0x0000000082500000, 0x0000000082500000| Complete 
|  37|0x0000000082500000, 0x0000000082600000, 0x0000000082600000|100%|HC|  |TAMS 0x0000000082600000, 0x0000000082600000| Complete 
|  38|0x0000000082600000, 0x0000000082700000, 0x0000000082700000|100%| O|  |TAMS 0x0000000082700000, 0x0000000082700000| Untracked 
|  39|0x0000000082700000, 0x0000000082800000, 0x0000000082800000|100%| O|  |TAMS 0x0000000082800000, 0x0000000082800000| Untracked 
|  40|0x0000000082800000, 0x0000000082900000, 0x0000000082900000|100%| O|  |TAMS 0x0000000082900000, 0x0000000082900000| Untracked 
|  41|0x0000000082900000, 0x0000000082a00000, 0x0000000082a00000|100%| O|  |TAMS 0x0000000082a00000, 0x0000000082a00000| Untracked 
|  42|0x0000000082a00000, 0x0000000082b00000, 0x0000000082b00000|100%| O|  |TAMS 0x0000000082b00000, 0x0000000082b00000| Untracked 
|  43|0x0000000082b00000, 0x0000000082c00000, 0x0000000082c00000|100%| O|  |TAMS 0x0000000082c00000, 0x0000000082c00000| Untracked 
|  44|0x0000000082c00000, 0x0000000082d00000, 0x0000000082d00000|100%| O|  |TAMS 0x0000000082d00000, 0x0000000082d00000| Untracked 
|  45|0x0000000082d00000, 0x0000000082e00000, 0x0000000082e00000|100%| O|  |TAMS 0x0000000082e00000, 0x0000000082e00000| Untracked 
|  46|0x0000000082e00000, 0x0000000082f00000, 0x0000000082f00000|100%| O|  |TAMS 0x0000000082f00000, 0x0000000082f00000| Untracked 
|  47|0x0000000082f00000, 0x0000000083000000, 0x0000000083000000|100%| O|  |TAMS 0x0000000083000000, 0x0000000083000000| Untracked 
|  48|0x0000000083000000, 0x0000000083100000, 0x0000000083100000|100%| O|  |TAMS 0x0000000083100000, 0x0000000083100000| Untracked 
|  49|0x0000000083100000, 0x0000000083200000, 0x0000000083200000|100%| O|  |TAMS 0x00000000831da000, 0x0000000083200000| Untracked 
|  50|0x0000000083200000, 0x0000000083300000, 0x0000000083300000|100%| O|  |TAMS 0x0000000083200000, 0x0000000083300000| Untracked 
|  51|0x0000000083300000, 0x0000000083400000, 0x0000000083400000|100%| O|  |TAMS 0x0000000083300000, 0x0000000083400000| Untracked 
|  52|0x0000000083400000, 0x0000000083500000, 0x0000000083500000|100%| O|  |TAMS 0x0000000083400000, 0x0000000083437400| Untracked 
|  53|0x0000000083500000, 0x000000008354d800, 0x0000000083600000| 30%| O|  |TAMS 0x0000000083500000, 0x0000000083500000| Untracked 
|  54|0x0000000083600000, 0x0000000083600000, 0x0000000083700000|  0%| F|  |TAMS 0x0000000083600000, 0x0000000083600000| Untracked 
|  55|0x0000000083700000, 0x0000000083700000, 0x0000000083800000|  0%| F|  |TAMS 0x0000000083700000, 0x0000000083700000| Untracked 
|  56|0x0000000083800000, 0x0000000083800000, 0x0000000083900000|  0%| F|  |TAMS 0x0000000083800000, 0x0000000083800000| Untracked 
|  57|0x0000000083900000, 0x0000000083900000, 0x0000000083a00000|  0%| F|  |TAMS 0x0000000083900000, 0x0000000083900000| Untracked 
|  58|0x0000000083a00000, 0x0000000083a00000, 0x0000000083b00000|  0%| F|  |TAMS 0x0000000083a00000, 0x0000000083a00000| Untracked 
|  59|0x0000000083b00000, 0x0000000083b00000, 0x0000000083c00000|  0%| F|  |TAMS 0x0000000083b00000, 0x0000000083b00000| Untracked 
|  60|0x0000000083c00000, 0x0000000083c00000, 0x0000000083d00000|  0%| F|  |TAMS 0x0000000083c00000, 0x0000000083c00000| Untracked 
|  61|0x0000000083d00000, 0x0000000083d00000, 0x0000000083e00000|  0%| F|  |TAMS 0x0000000083d00000, 0x0000000083d00000| Untracked 
|  62|0x0000000083e00000, 0x0000000083e00000, 0x0000000083f00000|  0%| F|  |TAMS 0x0000000083e00000, 0x0000000083e00000| Untracked 
|  63|0x0000000083f00000, 0x0000000083f00000, 0x0000000084000000|  0%| F|  |TAMS 0x0000000083f00000, 0x0000000083f00000| Untracked 
|  64|0x0000000084000000, 0x0000000084000000, 0x0000000084100000|  0%| F|  |TAMS 0x0000000084000000, 0x0000000084000000| Untracked 
|  65|0x0000000084100000, 0x0000000084100000, 0x0000000084200000|  0%| F|  |TAMS 0x0000000084100000, 0x0000000084100000| Untracked 
|  66|0x0000000084200000, 0x0000000084200000, 0x0000000084300000|  0%| F|  |TAMS 0x0000000084200000, 0x0000000084200000| Untracked 
|  67|0x0000000084300000, 0x0000000084300000, 0x0000000084400000|  0%| F|  |TAMS 0x0000000084300000, 0x0000000084300000| Untracked 
|  68|0x0000000084400000, 0x0000000084400000, 0x0000000084500000|  0%| F|  |TAMS 0x0000000084400000, 0x0000000084400000| Untracked 
|  69|0x0000000084500000, 0x0000000084500000, 0x0000000084600000|  0%| F|  |TAMS 0x0000000084500000, 0x0000000084500000| Untracked 
|  70|0x0000000084600000, 0x0000000084600000, 0x0000000084700000|  0%| F|  |TAMS 0x0000000084600000, 0x0000000084600000| Untracked 
|  71|0x0000000084700000, 0x0000000084700000, 0x0000000084800000|  0%| F|  |TAMS 0x0000000084700000, 0x0000000084700000| Untracked 
|  72|0x0000000084800000, 0x0000000084800000, 0x0000000084900000|  0%| F|  |TAMS 0x0000000084800000, 0x0000000084800000| Untracked 
|  73|0x0000000084900000, 0x0000000084900000, 0x0000000084a00000|  0%| F|  |TAMS 0x0000000084900000, 0x0000000084900000| Untracked 
|  74|0x0000000084a00000, 0x0000000084a00000, 0x0000000084b00000|  0%| F|  |TAMS 0x0000000084a00000, 0x0000000084a00000| Untracked 
|  75|0x0000000084b00000, 0x0000000084b00000, 0x0000000084c00000|  0%| F|  |TAMS 0x0000000084b00000, 0x0000000084b00000| Untracked 
|  76|0x0000000084c00000, 0x0000000084c00000, 0x0000000084d00000|  0%| F|  |TAMS 0x0000000084c00000, 0x0000000084c00000| Untracked 
|  77|0x0000000084d00000, 0x0000000084d00000, 0x0000000084e00000|  0%| F|  |TAMS 0x0000000084d00000, 0x0000000084d00000| Untracked 
|  78|0x0000000084e00000, 0x0000000084e704a0, 0x0000000084f00000| 43%| S|CS|TAMS 0x0000000084e00000, 0x0000000084e00000| Complete 
|  79|0x0000000084f00000, 0x0000000084f00000, 0x0000000085000000|  0%| F|  |TAMS 0x0000000084f00000, 0x0000000084f00000| Untracked 
|  80|0x0000000085000000, 0x0000000085000000, 0x0000000085100000|  0%| F|  |TAMS 0x0000000085000000, 0x0000000085000000| Untracked 

Card table byte_map: [0x00000257c8bb0000,0x00000257c8fb0000] _byte_map_base: 0x00000257c87b0000

Marking Bits (Prev, Next): (CMBitMap*) 0x00000257b149bc28, (CMBitMap*) 0x00000257b149bc60
 Prev Bits: [0x00000257c93b0000, 0x00000257cb3b0000)
 Next Bits: [0x00000257cb3b0000, 0x00000257cd3b0000)

Polling page: 0x00000257af250000

Metaspace:

Usage:
  Non-class:     63.02 MB capacity,    61.63 MB ( 98%) used,     1.16 MB (  2%) free+waste,   235.19 KB ( <1%) overhead. 
      Class:     10.08 MB capacity,     9.22 MB ( 92%) used,   759.22 KB (  7%) free+waste,   112.88 KB (  1%) overhead. 
       Both:     73.09 MB capacity,    70.85 MB ( 97%) used,     1.90 MB (  3%) free+waste,   348.06 KB ( <1%) overhead. 

Virtual space:
  Non-class space:       64.00 MB reserved,      63.25 MB ( 99%) committed 
      Class space:      504.00 MB reserved,      10.13 MB (  2%) committed 
             Both:      568.00 MB reserved,      73.38 MB ( 13%) committed 

Chunk freelists:
   Non-Class:  48.00 KB
       Class:  18.00 KB
        Both:  66.00 KB

MaxMetaspaceSize: 512.00 MB
CompressedClassSpaceSize: 504.00 MB
Initial GC threshold: 20.80 MB
Current GC threshold: 118.34 MB
CDS: off

CodeHeap 'non-profiled nmethods': size=120064Kb used=4825Kb max_used=4825Kb free=115238Kb
 bounds [0x00000257c1670000, 0x00000257c1b30000, 0x00000257c8bb0000]
CodeHeap 'profiled nmethods': size=120000Kb used=18188Kb max_used=18188Kb free=101811Kb
 bounds [0x00000257ba140000, 0x00000257bb310000, 0x00000257c1670000]
CodeHeap 'non-nmethods': size=5696Kb used=2359Kb max_used=2379Kb free=3337Kb
 bounds [0x00000257b9bb0000, 0x00000257b9e20000, 0x00000257ba140000]
 total_blobs=9290 nmethods=8407 adapters=796
 compilation: enabled
              stopped_count=0, restarted_count=0
 full_count=0

Compilation events (20 events):
Event: 699.872 Thread 0x00000257cffe4000 8413       3       com.google.common.collect.Lists$TransformingSequentialList$1::transform (14 bytes)
Event: 699.872 Thread 0x00000257cffe4000 nmethod 8413 0x00000257bb2fab10 code [0x00000257bb2facc0, 0x00000257bb2fae88]
Event: 699.872 Thread 0x00000257cffe4000 8414       3       org.gradle.launcher.daemon.server.DaemonRegistryUnavailableExpirationStrategy$1::apply (9 bytes)
Event: 699.872 Thread 0x00000257cffe4000 nmethod 8414 0x00000257bb2faf90 code [0x00000257bb2fb160, 0x00000257bb2fb498]
Event: 707.436 Thread 0x00000257cffdf000 8416       4       sun.management.spi.PlatformMBeanProvider$PlatformComponent$$Lambda$65/0x000000010017f840::test (9 bytes)
Event: 707.437 Thread 0x00000257cffdf000 nmethod 8416 0x00000257c1b24490 code [0x00000257c1b24620, 0x00000257c1b24718]
Event: 707.437 Thread 0x00000257cffdf000 8417       4       sun.management.spi.PlatformMBeanProvider$PlatformComponent$$Lambda$66/0x000000010017fc40::apply (9 bytes)
Event: 707.438 Thread 0x00000257cffdf000 nmethod 8417 0x00000257c1b24810 code [0x00000257c1b249a0, 0x00000257c1b24a78]
Event: 749.132 Thread 0x00000257cffe4000 8418       3       org.gradle.util.internal.GFileUtils::mkdirs (253 bytes)
Event: 749.917 Thread 0x00000257cffe4000 nmethod 8418 0x00000257bb2fb610 code [0x00000257bb2fbea0, 0x00000257bb300a58]
Event: 749.917 Thread 0x00000257cffe4000 8419       3       java.io.FilterInputStream::close (8 bytes)
Event: 749.918 Thread 0x00000257cffe4000 nmethod 8419 0x00000257bb302310 code [0x00000257bb3024c0, 0x00000257bb302688]
Event: 749.918 Thread 0x00000257cffe4000 8420       3       java.io.File::getCanonicalPath (31 bytes)
Event: 749.935 Thread 0x00000257cffe4000 nmethod 8420 0x00000257bb302790 code [0x00000257bb302980, 0x00000257bb302c38]
Event: 750.116 Thread 0x00000257cffdf000 8422       4       jdk.internal.misc.InnocuousThread::eraseThreadLocals (23 bytes)
Event: 750.120 Thread 0x00000257cffdf000 nmethod 8422 0x00000257c1b24b90 code [0x00000257c1b24d20, 0x00000257c1b24e18]
Event: 769.757 Thread 0x00000257cffdf000 8423       4       java.io.WinNTFileSystem::resolve (275 bytes)
Event: 770.369 Thread 0x00000257cffdf000 nmethod 8423 0x00000257c1b24e90 code [0x00000257c1b250a0, 0x00000257c1b25ba8]
Event: 794.857 Thread 0x00000257cffe4000 8424       3       javax.management.ObjectName::isPattern (16 bytes)
Event: 794.857 Thread 0x00000257cffe4000 nmethod 8424 0x00000257bb302d90 code [0x00000257bb302f40, 0x00000257bb303098]

GC Heap History (20 events):
Event: 386.159 GC heap after
{Heap after GC invocations=97 (full 0):
 garbage-first heap   total 82944K, used 45604K [0x0000000080000000, 0x0000000100000000)
  region size 1024K, 2 young (2048K), 2 survivors (2048K)
 Metaspace       used 61510K, capacity 63151K, committed 63232K, reserved 571392K
  class space    used 7987K, capacity 8687K, committed 8704K, reserved 516096K
}
Event: 387.354 GC heap before
{Heap before GC invocations=97 (full 0):
 garbage-first heap   total 82944K, used 67108K [0x0000000080000000, 0x0000000100000000)
  region size 1024K, 23 young (23552K), 2 survivors (2048K)
 Metaspace       used 62773K, capacity 64537K, committed 64640K, reserved 573440K
  class space    used 8125K, capacity 8824K, committed 8832K, reserved 516096K
}
Event: 387.365 GC heap after
{Heap after GC invocations=98 (full 0):
 garbage-first heap   total 82944K, used 46091K [0x0000000080000000, 0x0000000100000000)
  region size 1024K, 2 young (2048K), 2 survivors (2048K)
 Metaspace       used 62773K, capacity 64537K, committed 64640K, reserved 573440K
  class space    used 8125K, capacity 8824K, committed 8832K, reserved 516096K
}
Event: 392.095 GC heap before
{Heap before GC invocations=99 (full 0):
 garbage-first heap   total 82944K, used 67595K [0x0000000080000000, 0x0000000100000000)
  region size 1024K, 23 young (23552K), 2 survivors (2048K)
 Metaspace       used 64324K, capacity 66181K, committed 66432K, reserved 573440K
  class space    used 8328K, capacity 9087K, committed 9088K, reserved 516096K
}
Event: 392.108 GC heap after
{Heap after GC invocations=100 (full 0):
 garbage-first heap   total 82944K, used 47173K [0x0000000080000000, 0x0000000100000000)
  region size 1024K, 3 young (3072K), 3 survivors (3072K)
 Metaspace       used 64324K, capacity 66181K, committed 66432K, reserved 573440K
  class space    used 8328K, capacity 9087K, committed 9088K, reserved 516096K
}
Event: 394.023 GC heap before
{Heap before GC invocations=100 (full 0):
 garbage-first heap   total 82944K, used 68677K [0x0000000080000000, 0x0000000100000000)
  region size 1024K, 24 young (24576K), 3 survivors (3072K)
 Metaspace       used 65136K, capacity 67117K, committed 67456K, reserved 575488K
  class space    used 8454K, capacity 9242K, committed 9344K, reserved 516096K
}
Event: 394.040 GC heap after
{Heap after GC invocations=101 (full 0):
 garbage-first heap   total 82944K, used 48596K [0x0000000080000000, 0x0000000100000000)
  region size 1024K, 3 young (3072K), 3 survivors (3072K)
 Metaspace       used 65136K, capacity 67117K, committed 67456K, reserved 575488K
  class space    used 8454K, capacity 9242K, committed 9344K, reserved 516096K
}
Event: 398.224 GC heap before
{Heap before GC invocations=102 (full 0):
 garbage-first heap   total 82944K, used 69076K [0x0000000080000000, 0x0000000100000000)
  region size 1024K, 23 young (23552K), 3 survivors (3072K)
 Metaspace       used 66514K, capacity 68596K, committed 68736K, reserved 575488K
  class space    used 8674K, capacity 9495K, committed 9600K, reserved 516096K
}
Event: 398.239 GC heap after
{Heap after GC invocations=103 (full 0):
 garbage-first heap   total 82944K, used 49628K [0x0000000080000000, 0x0000000100000000)
  region size 1024K, 3 young (3072K), 3 survivors (3072K)
 Metaspace       used 66514K, capacity 68596K, committed 68736K, reserved 575488K
  class space    used 8674K, capacity 9495K, committed 9600K, reserved 516096K
}
Event: 402.679 GC heap before
{Heap before GC invocations=103 (full 0):
 garbage-first heap   total 82944K, used 69084K [0x0000000080000000, 0x0000000100000000)
  region size 1024K, 22 young (22528K), 3 survivors (3072K)
 Metaspace       used 67644K, capacity 69694K, committed 69760K, reserved 577536K
  class space    used 8775K, capacity 9572K, committed 9600K, reserved 516096K
}
Event: 402.740 GC heap after
{Heap after GC invocations=104 (full 0):
 garbage-first heap   total 82944K, used 51204K [0x0000000080000000, 0x0000000100000000)
  region size 1024K, 3 young (3072K), 3 survivors (3072K)
 Metaspace       used 67644K, capacity 69694K, committed 69760K, reserved 577536K
  class space    used 8775K, capacity 9572K, committed 9600K, reserved 516096K
}
Event: 417.515 GC heap before
{Heap before GC invocations=105 (full 0):
 garbage-first heap   total 82944K, used 67588K [0x0000000080000000, 0x0000000100000000)
  region size 1024K, 20 young (20480K), 3 survivors (3072K)
 Metaspace       used 69172K, capacity 71396K, committed 71680K, reserved 579584K
  class space    used 9016K, capacity 9879K, committed 9984K, reserved 516096K
}
Event: 417.533 GC heap after
{Heap after GC invocations=106 (full 0):
 garbage-first heap   total 82944K, used 52568K [0x0000000080000000, 0x0000000100000000)
  region size 1024K, 2 young (2048K), 2 survivors (2048K)
 Metaspace       used 69172K, capacity 71396K, committed 71680K, reserved 579584K
  class space    used 9016K, capacity 9879K, committed 9984K, reserved 516096K
}
Event: 419.531 GC heap before
{Heap before GC invocations=106 (full 0):
 garbage-first heap   total 82944K, used 67928K [0x0000000080000000, 0x0000000100000000)
  region size 1024K, 18 young (18432K), 2 survivors (2048K)
 Metaspace       used 70459K, capacity 72644K, committed 72704K, reserved 579584K
  class space    used 9143K, capacity 9975K, committed 9984K, reserved 516096K
}
Event: 419.546 GC heap after
{Heap after GC invocations=107 (full 0):
 garbage-first heap   total 82944K, used 53588K [0x0000000080000000, 0x0000000100000000)
  region size 1024K, 3 young (3072K), 3 survivors (3072K)
 Metaspace       used 70459K, capacity 72644K, committed 72704K, reserved 579584K
  class space    used 9143K, capacity 9975K, committed 9984K, reserved 516096K
}
Event: 424.557 GC heap before
{Heap before GC invocations=108 (full 0):
 garbage-first heap   total 82944K, used 68948K [0x0000000080000000, 0x0000000100000000)
  region size 1024K, 18 young (18432K), 3 survivors (3072K)
 Metaspace       used 71587K, capacity 73794K, committed 73984K, reserved 581632K
  class space    used 9296K, capacity 10143K, committed 10240K, reserved 516096K
}
Event: 424.573 GC heap after
{Heap after GC invocations=109 (full 0):
 garbage-first heap   total 82944K, used 54708K [0x0000000080000000, 0x0000000100000000)
  region size 1024K, 3 young (3072K), 3 survivors (3072K)
 Metaspace       used 71587K, capacity 73794K, committed 73984K, reserved 581632K
  class space    used 9296K, capacity 10143K, committed 10240K, reserved 516096K
}
Event: 709.588 GC heap before
{Heap before GC invocations=109 (full 0):
 garbage-first heap   total 82944K, used 69044K [0x0000000080000000, 0x0000000100000000)
  region size 1024K, 17 young (17408K), 3 survivors (3072K)
 Metaspace       used 72545K, capacity 74846K, committed 75136K, reserved 581632K
  class space    used 9445K, capacity 10318K, committed 10368K, reserved 516096K
}
Event: 748.855 GC heap after
{Heap after GC invocations=110 (full 0):
 garbage-first heap   total 82944K, used 54912K [0x0000000080000000, 0x0000000100000000)
  region size 1024K, 2 young (2048K), 2 survivors (2048K)
 Metaspace       used 72545K, capacity 74846K, committed 75136K, reserved 581632K
  class space    used 9445K, capacity 10318K, committed 10368K, reserved 516096K
}
Event: 795.576 GC heap before
{Heap before GC invocations=110 (full 0):
 garbage-first heap   total 82944K, used 56960K [0x0000000080000000, 0x0000000100000000)
  region size 1024K, 4 young (4096K), 2 survivors (2048K)
 Metaspace       used 72554K, capacity 74846K, committed 75136K, reserved 581632K
  class space    used 9445K, capacity 10318K, committed 10368K, reserved 516096K
}

Deoptimization events (20 events):
Event: 528.207 Thread 0x00000257d4d66800 Uncommon trap: trap_request=0xffffff4d fr.pc=0x00000257c16f303c relative=0x0000000000000c1c
Event: 528.207 Thread 0x00000257d4d66800 Uncommon trap: reason=unstable_if action=reinterpret pc=0x00000257c16f303c method=java.io.BufferedReader.readLine(Z)Ljava/lang/String; @ 192 c2
Event: 528.208 Thread 0x00000257d4d66800 DEOPT PACKING pc=0x00000257c16f303c sp=0x0000005e724fed40
Event: 528.208 Thread 0x00000257d4d66800 DEOPT UNPACKING pc=0x00000257b9bfa1a9 sp=0x0000005e724fecd8 mode 2
Event: 622.442 Thread 0x00000257d0e21800 Uncommon trap: trap_request=0xffffffde fr.pc=0x00000257c1b1efa0 relative=0x0000000000000100
Event: 622.443 Thread 0x00000257d0e21800 Uncommon trap: reason=class_check action=maybe_recompile pc=0x00000257c1b1efa0 method=jdk.internal.misc.Unsafe.allocateUninitializedArray(Ljava/lang/Class;I)Ljava/lang/Object; @ 48 c2
Event: 622.443 Thread 0x00000257d0e21800 DEOPT PACKING pc=0x00000257c1b1efa0 sp=0x0000005e6f3feac0
Event: 622.443 Thread 0x00000257d0e21800 DEOPT UNPACKING pc=0x00000257b9bfa1a9 sp=0x0000005e6f3fea48 mode 2
Event: 622.443 Thread 0x00000257d0e21800 Uncommon trap: trap_request=0xffffffde fr.pc=0x00000257c1b1efa0 relative=0x0000000000000100
Event: 622.443 Thread 0x00000257d0e21800 Uncommon trap: reason=class_check action=maybe_recompile pc=0x00000257c1b1efa0 method=jdk.internal.misc.Unsafe.allocateUninitializedArray(Ljava/lang/Class;I)Ljava/lang/Object; @ 48 c2
Event: 622.443 Thread 0x00000257d0e21800 DEOPT PACKING pc=0x00000257c1b1efa0 sp=0x0000005e6f3feac0
Event: 622.443 Thread 0x00000257d0e21800 DEOPT UNPACKING pc=0x00000257b9bfa1a9 sp=0x0000005e6f3fea48 mode 2
Event: 622.443 Thread 0x00000257d0e21800 Uncommon trap: trap_request=0xffffffde fr.pc=0x00000257c1b1efa0 relative=0x0000000000000100
Event: 622.443 Thread 0x00000257d0e21800 Uncommon trap: reason=class_check action=maybe_recompile pc=0x00000257c1b1efa0 method=jdk.internal.misc.Unsafe.allocateUninitializedArray(Ljava/lang/Class;I)Ljava/lang/Object; @ 48 c2
Event: 622.443 Thread 0x00000257d0e21800 DEOPT PACKING pc=0x00000257c1b1efa0 sp=0x0000005e6f3feac0
Event: 622.443 Thread 0x00000257d0e21800 DEOPT UNPACKING pc=0x00000257b9bfa1a9 sp=0x0000005e6f3fea48 mode 2
Event: 622.443 Thread 0x00000257d0e21800 Uncommon trap: trap_request=0xffffffde fr.pc=0x00000257c1b1efa0 relative=0x0000000000000100
Event: 622.443 Thread 0x00000257d0e21800 Uncommon trap: reason=class_check action=maybe_recompile pc=0x00000257c1b1efa0 method=jdk.internal.misc.Unsafe.allocateUninitializedArray(Ljava/lang/Class;I)Ljava/lang/Object; @ 48 c2
Event: 622.443 Thread 0x00000257d0e21800 DEOPT PACKING pc=0x00000257c1b1efa0 sp=0x0000005e6f3feac0
Event: 622.443 Thread 0x00000257d0e21800 DEOPT UNPACKING pc=0x00000257b9bfa1a9 sp=0x0000005e6f3fea48 mode 2

Classes redefined (0 events):
No events

Internal exceptions (20 events):
Event: 393.411 Thread 0x00000257d0f40000 Exception <a 'java/lang/ClassNotFoundException'{0x00000000842a8130}: org/gradle/api/internal/artifacts/dsl/DefaultRepositoryHandlerBeanInfo> (0x00000000842a8130) thrown at [./src/hotspot/share/classfile/systemDictionary.cpp, line 230]
Event: 393.412 Thread 0x00000257d0f40000 Exception <a 'java/lang/ClassNotFoundException'{0x00000000842eccc8}: org/gradle/api/internal/artifacts/DefaultArtifactRepositoryContainerBeanInfo> (0x00000000842eccc8) thrown at [./src/hotspot/share/classfile/systemDictionary.cpp, line 230]
Event: 393.414 Thread 0x00000257d0f40000 Exception <a 'java/lang/ClassNotFoundException'{0x000000008411c9b0}: org/gradle/api/internal/DefaultNamedDomainObjectListBeanInfo> (0x000000008411c9b0) thrown at [./src/hotspot/share/classfile/systemDictionary.cpp, line 230]
Event: 393.415 Thread 0x00000257d0f40000 Exception <a 'java/lang/ClassNotFoundException'{0x000000008414d9a0}: org/gradle/api/internal/DefaultNamedDomainObjectCollectionBeanInfo> (0x000000008414d9a0) thrown at [./src/hotspot/share/classfile/systemDictionary.cpp, line 230]
Event: 393.416 Thread 0x00000257d0f40000 Exception <a 'java/lang/ClassNotFoundException'{0x000000008417f950}: org/gradle/api/internal/DefaultNamedDomainObjectCollectionCustomizer> (0x000000008417f950) thrown at [./src/hotspot/share/classfile/systemDictionary.cpp, line 230]
Event: 393.419 Thread 0x00000257d0f40000 Exception <a 'java/lang/ClassNotFoundException'{0x00000000841d5090}: org/gradle/api/internal/DefaultNamedDomainObjectListCustomizer> (0x00000000841d5090) thrown at [./src/hotspot/share/classfile/systemDictionary.cpp, line 230]
Event: 393.431 Thread 0x00000257d0f40000 Exception <a 'java/lang/ClassNotFoundException'{0x0000000084033078}: org/gradle/api/internal/artifacts/DefaultArtifactRepositoryContainerCustomizer> (0x0000000084033078) thrown at [./src/hotspot/share/classfile/systemDictionary.cpp, line 230]
Event: 393.434 Thread 0x00000257d0f40000 Exception <a 'java/lang/ClassNotFoundException'{0x0000000084085828}: org/gradle/api/internal/artifacts/dsl/DefaultRepositoryHandlerCustomizer> (0x0000000084085828) thrown at [./src/hotspot/share/classfile/systemDictionary.cpp, line 230]
Event: 393.438 Thread 0x00000257d0f40000 Exception <a 'java/lang/ClassNotFoundException'{0x00000000840eadf8}: org/gradle/api/internal/artifacts/dsl/DefaultRepositoryHandler_DecoratedCustomizer> (0x00000000840eadf8) thrown at [./src/hotspot/share/classfile/systemDictionary.cpp, line 230]
Event: 393.455 Thread 0x00000257d0f40000 Exception <a 'java/lang/ClassNotFoundException'{0x0000000083fcb168}: org/gradle/api/internal/artifacts/dsl/dependencies/DefaultDependencyHandler_DecoratedBeanInfo> (0x0000000083fcb168) thrown at [./src/hotspot/share/classfile/systemDictionary.cpp, line 230]
Event: 393.457 Thread 0x00000257d0f40000 Exception <a 'java/lang/ClassNotFoundException'{0x0000000083e122c8}: org/gradle/api/internal/artifacts/dsl/dependencies/DefaultDependencyHandlerBeanInfo> (0x0000000083e122c8) thrown at [./src/hotspot/share/classfile/systemDictionary.cpp, line 230]
Event: 393.458 Thread 0x00000257d0f40000 Exception <a 'java/lang/ClassNotFoundException'{0x0000000083e586d0}: org/gradle/api/internal/artifacts/dsl/dependencies/DefaultDependencyHandlerCustomizer> (0x0000000083e586d0) thrown at [./src/hotspot/share/classfile/systemDictionary.cpp, line 230]
Event: 393.461 Thread 0x00000257d0f40000 Exception <a 'java/lang/ClassNotFoundException'{0x0000000083ec9cb0}: org/gradle/api/internal/artifacts/dsl/dependencies/DefaultDependencyHandler_DecoratedCustomizer> (0x0000000083ec9cb0) thrown at [./src/hotspot/share/classfile/systemDictionary.cpp, line 230]
Event: 403.672 Thread 0x00000257d4b78000 Exception <a 'java/lang/NoSuchMethodError'{0x0000000084eb64d0}: 'java.lang.Object java.lang.invoke.Invokers$Holder.linkToTargetMethod(java.lang.Object, java.lang.Object, java.lang.Object, int, java.lang.Object, java.lang.Object)'> (0x0000000084eb64d0) thrown at [./src/hotspot/share/interpreter/linkResolver.cpp, line 773]
Event: 405.421 Thread 0x00000257d2b9b800 Exception <a 'java/lang/NoSuchMethodError'{0x0000000084c08358}: <clinit>> (0x0000000084c08358) thrown at [./src/hotspot/share/prims/jni.cpp, line 1367]
Event: 405.422 Thread 0x00000257d2b9b800 Exception <a 'java/lang/NoSuchMethodError'{0x0000000084c14040}: <clinit>> (0x0000000084c14040) thrown at [./src/hotspot/share/prims/jni.cpp, line 1367]
Event: 410.105 Thread 0x00000257d4b78000 Implicit null exception at 0x00000257c19e79f7 to 0x00000257c19e7b8c
Event: 411.558 Thread 0x00000257d4b78000 Exception <a 'java/lang/NoSuchMethodError'{0x0000000084bb68a0}: 'int java.lang.invoke.DirectMethodHandle$Holder.invokeSpecial(java.lang.Object, java.lang.Object, java.lang.Object, java.lang.Object, java.lang.Object)'> (0x0000000084bb68a0) thrown at [./src/hotspot/share/interpreter/linkResolver.cpp, line 773]
Event: 421.973 Thread 0x00000257d4b78000 Exception <a 'java/lang/NoSuchMethodError'{0x0000000084702cf0}: 'void java.lang.invoke.DirectMethodHandle$Holder.invokeVirtual(java.lang.Object, java.lang.Object)'> (0x0000000084702cf0) thrown at [./src/hotspot/share/interpreter/linkResolver.cpp, line 773]
Event: 424.768 Thread 0x00000257d4b78000 Exception <a 'java/lang/NoSuchMethodError'{0x00000000850933b0}: 'void java.lang.invoke.DirectMethodHandle$Holder.invokeSpecial(java.lang.Object, java.lang.Object, java.lang.Object, int)'> (0x00000000850933b0) thrown at [./src/hotspot/share/interpreter/linkResolver.cpp, line 773]

Events (20 events):
Event: 528.205 Executing VM operation: RevokeBias done
Event: 528.207 Executing VM operation: RevokeBias
Event: 528.207 Executing VM operation: RevokeBias done
Event: 528.412 Executing VM operation: RevokeBias
Event: 528.414 Executing VM operation: RevokeBias done
Event: 528.414 Executing VM operation: RevokeBias
Event: 528.415 Executing VM operation: RevokeBias done
Event: 528.415 Executing VM operation: RevokeBias
Event: 528.416 Executing VM operation: RevokeBias done
Event: 528.432 Executing VM operation: RevokeBias
Event: 528.743 Executing VM operation: RevokeBias done
Event: 528.743 Thread 0x00000257d4d66800 Thread exited: 0x00000257d4d66800
Event: 528.745 Executing VM operation: RevokeBias
Event: 528.746 Executing VM operation: RevokeBias done
Event: 528.746 Executing VM operation: RevokeBias
Event: 528.747 Executing VM operation: RevokeBias done
Event: 528.747 Thread 0x00000257d4d63000 Thread exited: 0x00000257d4d63000
Event: 709.588 Executing VM operation: G1CollectForAllocation
Event: 748.935 Executing VM operation: G1CollectForAllocation done
Event: 795.443 Executing VM operation: G1CollectForAllocation


Dynamic libraries:
0x00007ff6a1170000 - 0x00007ff6a117d000 	C:\Program Files\Eclipse Adoptium\jdk-11.0.16.101-hotspot\bin\java.exe
0x00007ff8cfd10000 - 0x00007ff8cff08000 	C:\Windows\SYSTEM32\ntdll.dll
0x00007ff8ce170000 - 0x00007ff8ce22f000 	C:\Windows\System32\KERNEL32.DLL
0x00007ff8cd4c0000 - 0x00007ff8cd792000 	C:\Windows\System32\KERNELBASE.dll
0x00007ff8cac10000 - 0x00007ff8caca1000 	C:\Windows\SYSTEM32\apphelp.dll
0x00007ff8cdb10000 - 0x00007ff8cdc10000 	C:\Windows\System32\ucrtbase.dll
0x00007ff8c32f0000 - 0x00007ff8c3307000 	C:\Program Files\Eclipse Adoptium\jdk-11.0.16.101-hotspot\bin\jli.dll
0x00007ff8cdd50000 - 0x00007ff8cdef1000 	C:\Windows\System32\USER32.dll
0x00007ff8cd980000 - 0x00007ff8cd9a2000 	C:\Windows\System32\win32u.dll
0x00007ff8c2c40000 - 0x00007ff8c2c55000 	C:\Program Files\Eclipse Adoptium\jdk-11.0.16.101-hotspot\bin\VCRUNTIME140.dll
0x00007ff8cec30000 - 0x00007ff8cec5b000 	C:\Windows\System32\GDI32.dll
0x00007ff8cdc40000 - 0x00007ff8cdd4f000 	C:\Windows\System32\gdi32full.dll
0x00007ff8cd8e0000 - 0x00007ff8cd97d000 	C:\Windows\System32\msvcp_win.dll
0x00007ff8bda40000 - 0x00007ff8bdcda000 	C:\Windows\WinSxS\amd64_microsoft.windows.common-controls_6595b64144ccf1df_6.0.19041.1110_none_60b5254171f9507e\COMCTL32.dll
0x00007ff8ce0d0000 - 0x00007ff8ce16e000 	C:\Windows\System32\msvcrt.dll
0x00007ff8cf8f0000 - 0x00007ff8cf922000 	C:\Windows\System32\IMM32.DLL
0x00007ff8b7110000 - 0x00007ff8b71ab000 	C:\Program Files\Eclipse Adoptium\jdk-11.0.16.101-hotspot\bin\msvcp140.dll
0x00007ff8a2310000 - 0x00007ff8a2e92000 	C:\Program Files\Eclipse Adoptium\jdk-11.0.16.101-hotspot\bin\server\jvm.dll
0x00007ff8ce230000 - 0x00007ff8ce2de000 	C:\Windows\System32\ADVAPI32.dll
0x00007ff8cdf00000 - 0x00007ff8cdf9c000 	C:\Windows\System32\sechost.dll
0x00007ff8cfad0000 - 0x00007ff8cfbf5000 	C:\Windows\System32\RPCRT4.dll
0x00007ff8ce9d0000 - 0x00007ff8ce9d8000 	C:\Windows\System32\PSAPI.DLL
0x00007ff8cabb0000 - 0x00007ff8cabb9000 	C:\Windows\SYSTEM32\WSOCK32.dll
0x00007ff8c05a0000 - 0x00007ff8c05c7000 	C:\Windows\SYSTEM32\WINMM.dll
0x00007ff8ce800000 - 0x00007ff8ce86b000 	C:\Windows\System32\WS2_32.dll
0x00007ff8c4210000 - 0x00007ff8c421a000 	C:\Windows\SYSTEM32\VERSION.dll
0x00007ff8cb2c0000 - 0x00007ff8cb2d2000 	C:\Windows\SYSTEM32\kernel.appcore.dll
0x00007ff8c7050000 - 0x00007ff8c7060000 	C:\Program Files\Eclipse Adoptium\jdk-11.0.16.101-hotspot\bin\verify.dll
0x00007ff8bffb0000 - 0x00007ff8c0194000 	C:\Windows\SYSTEM32\DBGHELP.DLL
0x00007ff8c0530000 - 0x00007ff8c0565000 	C:\Windows\SYSTEM32\dbgcore.DLL
0x00007ff8cd7a0000 - 0x00007ff8cd822000 	C:\Windows\System32\bcryptPrimitives.dll
0x00007ff8bae70000 - 0x00007ff8bae98000 	C:\Program Files\Eclipse Adoptium\jdk-11.0.16.101-hotspot\bin\java.dll
0x00007ff8c6ce0000 - 0x00007ff8c6cea000 	C:\Program Files\Eclipse Adoptium\jdk-11.0.16.101-hotspot\bin\jimage.dll
0x00007ff8c2110000 - 0x00007ff8c2128000 	C:\Program Files\Eclipse Adoptium\jdk-11.0.16.101-hotspot\bin\zip.dll
0x00007ff8cecc0000 - 0x00007ff8cf404000 	C:\Windows\System32\SHELL32.dll
0x00007ff8cb4c0000 - 0x00007ff8cbc52000 	C:\Windows\SYSTEM32\windows.storage.dll
0x00007ff8ce490000 - 0x00007ff8ce7e5000 	C:\Windows\System32\combase.dll
0x00007ff8cce60000 - 0x00007ff8cce90000 	C:\Windows\SYSTEM32\Wldp.dll
0x00007ff8ce870000 - 0x00007ff8ce91d000 	C:\Windows\System32\SHCORE.dll
0x00007ff8cf930000 - 0x00007ff8cf985000 	C:\Windows\System32\shlwapi.dll
0x00007ff8cd340000 - 0x00007ff8cd35f000 	C:\Windows\SYSTEM32\profapi.dll
0x00007ff8c1500000 - 0x00007ff8c1519000 	C:\Program Files\Eclipse Adoptium\jdk-11.0.16.101-hotspot\bin\net.dll
0x00007ff8c2ca0000 - 0x00007ff8c2dac000 	C:\Windows\SYSTEM32\WINHTTP.dll
0x00007ff8ccbc0000 - 0x00007ff8ccc2a000 	C:\Windows\system32\mswsock.dll
0x00007ff8bf860000 - 0x00007ff8bf873000 	C:\Program Files\Eclipse Adoptium\jdk-11.0.16.101-hotspot\bin\nio.dll
0x00007ff8bad30000 - 0x00007ff8bad57000 	C:\Users\elank\.gradle\native\e1d6ef7f7dcc3fd88c89a11ec53ec762bb8ba0a96d01ffa2cd45eb1d1d8dd5c5\windows-amd64\native-platform.dll
0x00007ff8b6d60000 - 0x00007ff8b6ea4000 	C:\Users\elank\.gradle\native\0d407fdbe67a94daf76414ababcb853783967236a71b16ec16e742cd7a986fd3\windows-amd64\native-platform-file-events.dll
0x00007ff8c8490000 - 0x00007ff8c8499000 	C:\Program Files\Eclipse Adoptium\jdk-11.0.16.101-hotspot\bin\management.dll
0x00007ff8c8480000 - 0x00007ff8c848b000 	C:\Program Files\Eclipse Adoptium\jdk-11.0.16.101-hotspot\bin\management_ext.dll
0x00007ff8ccdb0000 - 0x00007ff8ccdc8000 	C:\Windows\SYSTEM32\CRYPTSP.dll
0x00007ff8cc470000 - 0x00007ff8cc4a4000 	C:\Windows\system32\rsaenh.dll
0x00007ff8cdc10000 - 0x00007ff8cdc37000 	C:\Windows\System32\bcrypt.dll
0x00007ff8cd2c0000 - 0x00007ff8cd2ee000 	C:\Windows\SYSTEM32\USERENV.dll
0x00007ff8ccdd0000 - 0x00007ff8ccddc000 	C:\Windows\SYSTEM32\CRYPTBASE.dll
0x00007ff8cc860000 - 0x00007ff8cc89b000 	C:\Windows\SYSTEM32\IPHLPAPI.DLL
0x00007ff8cf470000 - 0x00007ff8cf478000 	C:\Windows\System32\NSI.dll
0x00007ff8c30f0000 - 0x00007ff8c3107000 	C:\Windows\SYSTEM32\dhcpcsvc6.DLL
0x00007ff8c3260000 - 0x00007ff8c327d000 	C:\Windows\SYSTEM32\dhcpcsvc.DLL
0x00007ff8cc8b0000 - 0x00007ff8cc97a000 	C:\Windows\SYSTEM32\DNSAPI.dll
0x00007ff8c6dc0000 - 0x00007ff8c6dde000 	C:\Users\elank\AppData\Local\Temp\native-platform12421073910599659214dir\native-platform.dll

dbghelp: loaded successfully - version: 4.0.5 - missing functions: none
symbol engine: initialized successfully - sym options: 0x614 - pdb path: .;C:\Program Files\Eclipse Adoptium\jdk-11.0.16.101-hotspot\bin;C:\Windows\SYSTEM32;C:\Windows\WinSxS\amd64_microsoft.windows.common-controls_6595b64144ccf1df_6.0.19041.1110_none_60b5254171f9507e;C:\Program Files\Eclipse Adoptium\jdk-11.0.16.101-hotspot\bin\server;C:\Users\elank\.gradle\native\e1d6ef7f7dcc3fd88c89a11ec53ec762bb8ba0a96d01ffa2cd45eb1d1d8dd5c5\windows-amd64;C:\Users\elank\.gradle\native\0d407fdbe67a94daf76414ababcb853783967236a71b16ec16e742cd7a986fd3\windows-amd64;C:\Users\elank\AppData\Local\Temp\native-platform12421073910599659214dir

VM Arguments:
jvm_args: -XX:MaxMetaspaceSize=512m --add-opens=java.base/java.util=ALL-UNNAMED --add-opens=java.base/java.lang=ALL-UNNAMED --add-opens=java.base/java.lang.invoke=ALL-UNNAMED --add-opens=java.base/java.util=ALL-UNNAMED --add-opens=java.prefs/java.util.prefs=ALL-UNNAMED --add-opens=java.prefs/java.util.prefs=ALL-UNNAMED --add-opens=java.base/java.nio.charset=ALL-UNNAMED --add-opens=java.base/java.net=ALL-UNNAMED --add-opens=java.base/java.util.concurrent.atomic=ALL-UNNAMED -Xmx2048m -Dfile.encoding=utf8 -Duser.country=GB -Duser.language=en -Duser.variant 
java_command: org.gradle.launcher.daemon.bootstrap.GradleDaemon 7.5.1
java_class_path (initial): C:\Users\elank\.gradle\wrapper\dists\gradle-7.5.1-all\1ehga6e77gqps5uk2kc5kf1vc\gradle-7.5.1\lib\gradle-launcher-7.5.1.jar
Launcher Type: SUN_STANDARD

[Global flags]
     intx CICompilerCount                          = 2                                         {product} {ergonomic}
   size_t CompressedClassSpaceSize                 = 528482304                                 {product} {ergonomic}
     uint ConcGCThreads                            = 1                                         {product} {ergonomic}
     uint G1ConcRefinementThreads                  = 2                                         {product} {ergonomic}
   size_t G1HeapRegionSize                         = 1048576                                   {product} {ergonomic}
    uintx GCDrainStackTargetSize                   = 64                                        {product} {ergonomic}
   size_t InitialHeapSize                          = 33554432                                  {product} {ergonomic}
   size_t MarkStackSize                            = 4194304                                   {product} {ergonomic}
   size_t MaxHeapSize                              = 2147483648                                {product} {command line}
   size_t MaxMetaspaceSize                         = 536870912                                 {product} {command line}
   size_t MaxNewSize                               = 1287651328                                {product} {ergonomic}
   size_t MinHeapDeltaBytes                        = 1048576                                   {product} {ergonomic}
    uintx NonNMethodCodeHeapSize                   = 5825164                                {pd product} {ergonomic}
    uintx NonProfiledCodeHeapSize                  = 122916538                              {pd product} {ergonomic}
    uintx ProfiledCodeHeapSize                     = 122916538                              {pd product} {ergonomic}
    uintx ReservedCodeCacheSize                    = 251658240                              {pd product} {ergonomic}
     bool SegmentedCodeCache                       = true                                      {product} {ergonomic}
     bool UseCompressedClassPointers               = true                                 {lp64_product} {ergonomic}
     bool UseCompressedOops                        = true                                 {lp64_product} {ergonomic}
     bool UseG1GC                                  = true                                      {product} {ergonomic}
     bool UseLargePagesIndividualAllocation        = false                                  {pd product} {ergonomic}

Logging:
Log output configuration:
 #0: stdout all=warning uptime,level,tags
 #1: stderr all=off uptime,level,tags

Environment Variables:
JAVA_HOME=C:\Program Files\Eclipse Adoptium\jdk-11.0.16.101-hotspot
PATH=C:\Program Files (x86)\Common Files\Oracle\Java\javapath;C:\Program Files\MySQL\MySQL Server 8.0\bin;C:\Windows\system32;C:\Windows;C:\Windows\System32\Wbem;C:\Windows\System32\WindowsPowerShell\v1.0\;C:\Windows\System32\OpenSSH\;C:\ProgramData\chocolatey\bin;C:\Program Files\nodejs\;C:\Program Files\Git\cmd;C:\Program Files\Go\bin;C:\Program Files\MongoDB\Server\6.0\bin;C:\Program Files\MySQL\MySQL Shell 8.0\bin\;C:\Users\elank\AppData\Local\Microsoft\WindowsApps;C:\Users\elank\AppData\Local\Programs\Microsoft VS Code\bin;C:\Users\elank\AppData\Roaming\npm;C:\Users\elank\AppData\Local\Android\Sdk\platform-tools;C:\Users\elank\go\bin;C:\Program Files\Java\jre1.8.0_351\bin;
USERNAME=elank
OS=Windows_NT
PROCESSOR_IDENTIFIER=Intel64 Family 6 Model 23 Stepping 10, GenuineIntel
TMP=C:\Users\elank\AppData\Local\Temp
TEMP=C:\Users\elank\AppData\Local\Temp



---------------  S Y S T E M  ---------------

OS: Windows 10 , 64 bit Build 19041 (10.0.19041.2364)
OS uptime: 1 days 3:53 hours

CPU:total 2 (initial active 2) (2 cores per cpu, 1 threads per core) family 6 model 23 stepping 10 microcode 0xa0c, cmov, cx8, fxsr, mmx, sse, sse2, sse3, ssse3, sse4.1, tsc

Memory: 4k page, system-wide physical 2042M (109M free)
TotalPageFile size 8186M (AvailPageFile size 74M)
current process WorkingSet (physical memory assigned to process): 95M, peak: 225M
current process commit charge ("private bytes"): 296M, peak: 377M

vm_info: OpenJDK 64-Bit Server VM (11.0.16.1+1) for windows-amd64 JRE (11.0.16.1+1), built on Aug 16 2022 02:58:04 by "" with MS VC++ 15.9 (VS2017)

END.
