#
# There is insufficient memory for the Java Runtime Environment to continue.
# Native memory allocation (mmap) failed to map 80740352 bytes for Failed to commit area from 0x00000000e8300000 to 0x00000000ed000000 of length 80740352.
# Possible reasons:
#   The system is out of physical RAM or swap space
#   The process is running with CompressedOops enabled, and the Java Heap may be blocking the growth of the native heap
# Possible solutions:
#   Reduce memory load on the system
#   Increase physical memory or swap space
#   Check if swap backing store is full
#   Decrease Java heap size (-Xmx/-Xms)
#   Decrease number of Java threads
#   Decrease Java thread stack sizes (-Xss)
#   Set larger code cache with -XX:ReservedCodeCacheSize=
#   JVM is running with Unscaled Compressed Oops mode in which the Java heap is
#     placed in the first 4GB address space. The Java Heap base address is the
#     maximum limit for the native heap growth. Please use -XX:HeapBaseMinAddress
#     to set the Java Heap base and to place the Java Heap above 4GB virtual address.
# This output file may be truncated or incomplete.
#
#  Out of Memory Error (./src/hotspot/os/windows/os_windows.cpp:3386), pid=27868, tid=28068
#
# JRE version: OpenJDK Runtime Environment Temurin-11.0.16.1+1 (11.0.16.1+1) (build 11.0.16.1+1)
# Java VM: OpenJDK 64-Bit Server VM Temurin-11.0.16.1+1 (11.0.16.1+1, mixed mode, tiered, compressed oops, g1 gc, windows-amd64)
# No core dump will be written. Minidumps are not enabled by default on client versions of Windows
#

---------------  S U M M A R Y ------------

Command Line: org.jetbrains.kotlin.cli.jvm.K2JVMCompiler @C:\Users\elank\Documents\RNApps\Elan\RapidAPI\node_modules\react-native-gradle-plugin\build\20230112_10599939738448400875.compiler.options

Host: Intel(R) Core(TM)2 Duo CPU     P8700  @ 2.53GHz, 2 cores, 1G,  Windows 10 , 64 bit Build 19041 (10.0.19041.2364)
Time: Thu Jan 12 19:31:05 2023 E. Africa Standard Time elapsed time: 375.128919 seconds (0d 0h 6m 15s)

---------------  T H R E A D  ---------------

Current thread (0x0000025dbc665000):  VMThread "VM Thread" [stack: 0x0000007c71600000,0x0000007c71700000] [id=28068]

Stack: [0x0000007c71600000,0x0000007c71700000]
[error occurred during error reporting (printing stack bounds), id 0xc0000005, EXCEPTION_ACCESS_VIOLATION (0xc0000005) at pc=0x0000025da93f113d]

Native frames: (J=compiled Java code, j=interpreted, Vv=VM code, C=native code)
V  [jvm.dll+0x61f18a]
V  [jvm.dll+0x7abb09]
V  [jvm.dll+0x7ad1f8]
V  [jvm.dll+0x7ad835]
V  [jvm.dll+0x7ad7eb]
V  [jvm.dll+0x61e517]
V  [jvm.dll+0x61ec28]
C  [ntdll.dll+0xa241f]
C  [ntdll.dll+0x514a4]
C  [ntdll.dll+0xa0f4e]
C  0x0000025da93f113d

VM_Operation (0x0000007c710f7dc0): G1CollectForAllocation, mode: safepoint, requested by thread 0x0000025d9f4cc000


---------------  P R O C E S S  ---------------

Threads class SMR info:
_java_thread_list=0x0000025dbc96b350, length=10, elements={
0x0000025d9f4cc000, 0x0000025dbc689000, 0x0000025dbc694000, 0x0000025dbc6f5000,
0x0000025dbc6f8000, 0x0000025dbc6a0000, 0x0000025dbc6a5000, 0x0000025dbc6fd800,
0x0000025dbc70b000, 0x0000025dbc979000
}

Java Threads: ( => current thread )
  0x0000025d9f4cc000 JavaThread "main" [_thread_blocked, id=28004, stack(0x0000007c71000000,0x0000007c71100000)]
  0x0000025dbc689000 JavaThread "Reference Handler" daemon [_thread_blocked, id=28072, stack(0x0000007c71700000,0x0000007c71800000)]
  0x0000025dbc694000 JavaThread "Finalizer" daemon [_thread_blocked, id=28076, stack(0x0000007c71800000,0x0000007c71900000)]
  0x0000025dbc6f5000 JavaThread "Signal Dispatcher" daemon [_thread_blocked, id=28084, stack(0x0000007c71900000,0x0000007c71a00000)]
  0x0000025dbc6f8000 JavaThread "Attach Listener" daemon [_thread_blocked, id=28088, stack(0x0000007c71a00000,0x0000007c71b00000)]
  0x0000025dbc6a0000 JavaThread "Service Thread" daemon [_thread_blocked, id=28092, stack(0x0000007c71b00000,0x0000007c71c00000)]
  0x0000025dbc6a5000 JavaThread "C2 CompilerThread0" daemon [_thread_blocked, id=28096, stack(0x0000007c71c00000,0x0000007c71d00000)]
  0x0000025dbc6fd800 JavaThread "C1 CompilerThread0" daemon [_thread_blocked, id=28100, stack(0x0000007c71d00000,0x0000007c71e00000)]
  0x0000025dbc70b000 JavaThread "Sweeper thread" daemon [_thread_blocked, id=28104, stack(0x0000007c71e00000,0x0000007c71f00000)]
  0x0000025dbc979000 JavaThread "Common-Cleaner" daemon [_thread_blocked, id=28140, stack(0x0000007c72000000,0x0000007c72100000)]

Other Threads:
=>0x0000025dbc665000 VMThread "VM Thread" [stack: 0x0000007c71600000,0x0000007c71700000] [id=28068]
  0x0000025dbc970800 WatcherThread [stack: 0x0000007c71f00000,0x0000007c72000000] [id=28136]
  0x0000025d9f4e4800 GCTaskThread "GC Thread#0" [stack: 0x0000007c71100000,0x0000007c71200000] [id=28028]
  0x0000025dbcb05800 GCTaskThread "GC Thread#1" [stack: 0x0000007c72100000,0x0000007c72200000] [id=28260]
  0x0000025d9f4f5800 ConcurrentGCThread "G1 Main Marker" [stack: 0x0000007c71200000,0x0000007c71300000] [id=28032]
  0x0000025d9f4f7800 ConcurrentGCThread "G1 Conc#0" [stack: 0x0000007c71300000,0x0000007c71400000] [id=28036]
  0x0000025d9f52c800 ConcurrentGCThread "G1 Refine#0" [stack: 0x0000007c71400000,0x0000007c71500000] [id=28040]
  0x0000025d9f52d800 ConcurrentGCThread "G1 Young RemSet Sampling" [stack: 0x0000007c71500000,0x0000007c71600000] [id=28044]

Threads with active compile tasks:
C2 CompilerThread0   376901 4583       4       gnu.trove.THashSet::add (41 bytes)
C1 CompilerThread0   376901 4616       3       org.jetbrains.kotlin.com.intellij.psi.search.SearchScope::hashCode (21 bytes)

VM state:at safepoint (normal execution)

VM Mutex/Monitor currently owned by a thread:  ([mutex/lock_event])
[0x0000025d9f4c91d0] Threads_lock - owner thread: 0x0000025dbc665000
[0x0000025d9f4c96e0] Heap_lock - owner thread: 0x0000025d9f4cc000

Heap address: 0x00000000e0000000, size: 512 MB, Compressed Oops mode: 32-bit
Narrow klass base: 0x0000000000000000, Narrow klass shift: 3
Compressed class space size: 1073741824 Address: 0x0000000100000000

Heap:
 garbage-first heap   total 212992K, used 52133K [0x00000000e0000000, 0x0000000100000000)
  region size 1024K, 1 young (1024K), 1 survivors (1024K)
 Metaspace       used 54313K, capacity 55060K, committed 55296K, reserved 1097728K
  class space    used 6326K, capacity 6617K, committed 6656K, reserved 1048576K
Heap Regions: E=young(eden), S=young(survivor), O=old, HS=humongous(starts), HC=humongous(continues), CS=collection set, F=free, A=archive, TAMS=top-at-mark-start (previous, next)
|   0|0x00000000e0000000, 0x00000000e0100000, 0x00000000e0100000|100%|HS|  |TAMS 0x00000000e0100000, 0x00000000e0000000| Complete 
|   1|0x00000000e0100000, 0x00000000e0200000, 0x00000000e0200000|100%|HC|  |TAMS 0x00000000e0200000, 0x00000000e0100000| Complete 
|   2|0x00000000e0200000, 0x00000000e0300000, 0x00000000e0300000|100%|HC|  |TAMS 0x00000000e0300000, 0x00000000e0200000| Complete 
|   3|0x00000000e0300000, 0x00000000e0400000, 0x00000000e0400000|100%| O|  |TAMS 0x00000000e0400000, 0x00000000e0300000| Complete 
|   4|0x00000000e0400000, 0x00000000e0500000, 0x00000000e0500000|100%| O|  |TAMS 0x00000000e0500000, 0x00000000e0400000| Untracked 
|   5|0x00000000e0500000, 0x00000000e0600000, 0x00000000e0600000|100%| O|  |TAMS 0x00000000e0600000, 0x00000000e0500000| Untracked 
|   6|0x00000000e0600000, 0x00000000e0700000, 0x00000000e0700000|100%| O|  |TAMS 0x00000000e0700000, 0x00000000e0600000| Untracked 
|   7|0x00000000e0700000, 0x00000000e0800000, 0x00000000e0800000|100%| O|  |TAMS 0x00000000e0800000, 0x00000000e0700000| Untracked 
|   8|0x00000000e0800000, 0x00000000e0900000, 0x00000000e0900000|100%| O|  |TAMS 0x00000000e0900000, 0x00000000e0800000| Complete 
|   9|0x00000000e0900000, 0x00000000e0a00000, 0x00000000e0a00000|100%|HS|  |TAMS 0x00000000e0a00000, 0x00000000e0900000| Complete 
|  10|0x00000000e0a00000, 0x00000000e0b00000, 0x00000000e0b00000|100%|HC|  |TAMS 0x00000000e0b00000, 0x00000000e0a00000| Complete 
|  11|0x00000000e0b00000, 0x00000000e0c00000, 0x00000000e0c00000|100%|HC|  |TAMS 0x00000000e0c00000, 0x00000000e0b00000| Complete 
|  12|0x00000000e0c00000, 0x00000000e0d00000, 0x00000000e0d00000|100%| O|  |TAMS 0x00000000e0d00000, 0x00000000e0c00000| Untracked 
|  13|0x00000000e0d00000, 0x00000000e0e00000, 0x00000000e0e00000|100%| O|  |TAMS 0x00000000e0e00000, 0x00000000e0d00000| Untracked 
|  14|0x00000000e0e00000, 0x00000000e0f00000, 0x00000000e0f00000|100%| O|  |TAMS 0x00000000e0f00000, 0x00000000e0e00000| Complete 
|  15|0x00000000e0f00000, 0x00000000e1000000, 0x00000000e1000000|100%| O|  |TAMS 0x00000000e1000000, 0x00000000e0f00000| Untracked 
|  16|0x00000000e1000000, 0x00000000e1100000, 0x00000000e1100000|100%| O|  |TAMS 0x00000000e1100000, 0x00000000e1000000| Complete 
|  17|0x00000000e1100000, 0x00000000e1200000, 0x00000000e1200000|100%| O|  |TAMS 0x00000000e1200000, 0x00000000e1100000| Complete 
|  18|0x00000000e1200000, 0x00000000e1300000, 0x00000000e1300000|100%| O|  |TAMS 0x00000000e1300000, 0x00000000e1200000| Untracked 
|  19|0x00000000e1300000, 0x00000000e1400000, 0x00000000e1400000|100%| O|  |TAMS 0x00000000e1400000, 0x00000000e1300000| Untracked 
|  20|0x00000000e1400000, 0x00000000e1500000, 0x00000000e1500000|100%| O|  |TAMS 0x00000000e1500000, 0x00000000e1400000| Complete 
|  21|0x00000000e1500000, 0x00000000e1600000, 0x00000000e1600000|100%| O|  |TAMS 0x00000000e1600000, 0x00000000e1500000| Complete 
|  22|0x00000000e1600000, 0x00000000e1700000, 0x00000000e1700000|100%| O|  |TAMS 0x00000000e1700000, 0x00000000e1600000| Complete 
|  23|0x00000000e1700000, 0x00000000e1800000, 0x00000000e1800000|100%| O|  |TAMS 0x00000000e1800000, 0x00000000e1700000| Complete 
|  24|0x00000000e1800000, 0x00000000e1900000, 0x00000000e1900000|100%| O|  |TAMS 0x00000000e1900000, 0x00000000e1800000| Complete 
|  25|0x00000000e1900000, 0x00000000e1a00000, 0x00000000e1a00000|100%| O|  |TAMS 0x00000000e1a00000, 0x00000000e1900000| Complete 
|  26|0x00000000e1a00000, 0x00000000e1b00000, 0x00000000e1b00000|100%| O|  |TAMS 0x00000000e1b00000, 0x00000000e1a00000| Untracked 
|  27|0x00000000e1b00000, 0x00000000e1c00000, 0x00000000e1c00000|100%| O|  |TAMS 0x00000000e1c00000, 0x00000000e1b00000| Complete 
|  28|0x00000000e1c00000, 0x00000000e1d00000, 0x00000000e1d00000|100%| O|  |TAMS 0x00000000e1d00000, 0x00000000e1c00000| Untracked 
|  29|0x00000000e1d00000, 0x00000000e1e00000, 0x00000000e1e00000|100%|HS|  |TAMS 0x00000000e1e00000, 0x00000000e1d00000| Complete 
|  30|0x00000000e1e00000, 0x00000000e1f00000, 0x00000000e1f00000|100%| O|  |TAMS 0x00000000e1f00000, 0x00000000e1e00000| Untracked 
|  31|0x00000000e1f00000, 0x00000000e2000000, 0x00000000e2000000|100%| O|  |TAMS 0x00000000e2000000, 0x00000000e1f00000| Untracked 
|  32|0x00000000e2000000, 0x00000000e2100000, 0x00000000e2100000|100%| O|  |TAMS 0x00000000e2100000, 0x00000000e2000000| Untracked 
|  33|0x00000000e2100000, 0x00000000e2200000, 0x00000000e2200000|100%| O|  |TAMS 0x00000000e2200000, 0x00000000e2100000| Complete 
|  34|0x00000000e2200000, 0x00000000e2300000, 0x00000000e2300000|100%| O|  |TAMS 0x00000000e2300000, 0x00000000e2200000| Untracked 
|  35|0x00000000e2300000, 0x00000000e2400000, 0x00000000e2400000|100%| O|  |TAMS 0x00000000e2400000, 0x00000000e2300000| Untracked 
|  36|0x00000000e2400000, 0x00000000e2500000, 0x00000000e2500000|100%| O|  |TAMS 0x00000000e2500000, 0x00000000e2400000| Untracked 
|  37|0x00000000e2500000, 0x00000000e2600000, 0x00000000e2600000|100%|HS|  |TAMS 0x00000000e2600000, 0x00000000e2500000| Complete 
|  38|0x00000000e2600000, 0x00000000e2700000, 0x00000000e2700000|100%|HC|  |TAMS 0x00000000e2700000, 0x00000000e2600000| Complete 
|  39|0x00000000e2700000, 0x00000000e2800000, 0x00000000e2800000|100%|HC|  |TAMS 0x00000000e2800000, 0x00000000e2700000| Complete 
|  40|0x00000000e2800000, 0x00000000e2900000, 0x00000000e2900000|100%|HC|  |TAMS 0x00000000e2900000, 0x00000000e2800000| Complete 
|  41|0x00000000e2900000, 0x00000000e2a00000, 0x00000000e2a00000|100%|HC|  |TAMS 0x00000000e2a00000, 0x00000000e2900000| Complete 
|  42|0x00000000e2a00000, 0x00000000e2b00000, 0x00000000e2b00000|100%| O|  |TAMS 0x00000000e2b00000, 0x00000000e2a00000| Untracked 
|  43|0x00000000e2b00000, 0x00000000e2c00000, 0x00000000e2c00000|100%| O|  |TAMS 0x00000000e2c00000, 0x00000000e2b00000| Untracked 
|  44|0x00000000e2c00000, 0x00000000e2d00000, 0x00000000e2d00000|100%| O|  |TAMS 0x00000000e2d00000, 0x00000000e2c00000| Untracked 
|  45|0x00000000e2d00000, 0x00000000e2e00000, 0x00000000e2e00000|100%| O|  |TAMS 0x00000000e2e00000, 0x00000000e2d00000| Untracked 
|  46|0x00000000e2e00000, 0x00000000e2f00000, 0x00000000e2f00000|100%| O|  |TAMS 0x00000000e2f00000, 0x00000000e2e00000| Complete 
|  47|0x00000000e2f00000, 0x00000000e3000000, 0x00000000e3000000|100%| O|  |TAMS 0x00000000e3000000, 0x00000000e2f00000| Complete 
|  48|0x00000000e3000000, 0x00000000e3100000, 0x00000000e3100000|100%| O|  |TAMS 0x00000000e3100000, 0x00000000e3000000| Complete 
|  49|0x00000000e3100000, 0x00000000e3200000, 0x00000000e3200000|100%| O|  |TAMS 0x00000000e3200000, 0x00000000e3100000| Complete 
|  50|0x00000000e3200000, 0x00000000e3200000, 0x00000000e3300000|  0%| F|  |TAMS 0x00000000e3200000, 0x00000000e3200000| Untracked 
|  51|0x00000000e3300000, 0x00000000e3300000, 0x00000000e3400000|  0%| F|  |TAMS 0x00000000e3300000, 0x00000000e3300000| Untracked 
|  52|0x00000000e3400000, 0x00000000e3400000, 0x00000000e3500000|  0%| F|  |TAMS 0x00000000e3400000, 0x00000000e3400000| Untracked 
|  53|0x00000000e3500000, 0x00000000e3500000, 0x00000000e3600000|  0%| F|  |TAMS 0x00000000e3500000, 0x00000000e3500000| Untracked 
|  54|0x00000000e3600000, 0x00000000e3600000, 0x00000000e3700000|  0%| F|  |TAMS 0x00000000e3600000, 0x00000000e3600000| Untracked 
|  55|0x00000000e3700000, 0x00000000e3700000, 0x00000000e3800000|  0%| F|  |TAMS 0x00000000e3700000, 0x00000000e3700000| Untracked 
|  56|0x00000000e3800000, 0x00000000e3800000, 0x00000000e3900000|  0%| F|  |TAMS 0x00000000e3800000, 0x00000000e3800000| Untracked 
|  57|0x00000000e3900000, 0x00000000e3900000, 0x00000000e3a00000|  0%| F|  |TAMS 0x00000000e3900000, 0x00000000e3900000| Untracked 
|  58|0x00000000e3a00000, 0x00000000e3a00000, 0x00000000e3b00000|  0%| F|  |TAMS 0x00000000e3a00000, 0x00000000e3a00000| Untracked 
|  59|0x00000000e3b00000, 0x00000000e3b00000, 0x00000000e3c00000|  0%| F|  |TAMS 0x00000000e3b00000, 0x00000000e3b00000| Untracked 
|  60|0x00000000e3c00000, 0x00000000e3c00000, 0x00000000e3d00000|  0%| F|  |TAMS 0x00000000e3c00000, 0x00000000e3c00000| Untracked 
|  61|0x00000000e3d00000, 0x00000000e3d00000, 0x00000000e3e00000|  0%| F|  |TAMS 0x00000000e3d00000, 0x00000000e3d00000| Untracked 
|  62|0x00000000e3e00000, 0x00000000e3e00000, 0x00000000e3f00000|  0%| F|  |TAMS 0x00000000e3e00000, 0x00000000e3e00000| Untracked 
|  63|0x00000000e3f00000, 0x00000000e3f00000, 0x00000000e4000000|  0%| F|  |TAMS 0x00000000e3f00000, 0x00000000e3f00000| Untracked 
|  64|0x00000000e4000000, 0x00000000e4000000, 0x00000000e4100000|  0%| F|  |TAMS 0x00000000e4000000, 0x00000000e4000000| Untracked 
|  65|0x00000000e4100000, 0x00000000e4100000, 0x00000000e4200000|  0%| F|  |TAMS 0x00000000e4100000, 0x00000000e4100000| Untracked 
|  66|0x00000000e4200000, 0x00000000e4200000, 0x00000000e4300000|  0%| F|  |TAMS 0x00000000e4200000, 0x00000000e4200000| Untracked 
|  67|0x00000000e4300000, 0x00000000e4300000, 0x00000000e4400000|  0%| F|  |TAMS 0x00000000e4300000, 0x00000000e4300000| Untracked 
|  68|0x00000000e4400000, 0x00000000e4400000, 0x00000000e4500000|  0%| F|  |TAMS 0x00000000e4400000, 0x00000000e4400000| Untracked 
|  69|0x00000000e4500000, 0x00000000e4500000, 0x00000000e4600000|  0%| F|  |TAMS 0x00000000e4500000, 0x00000000e4500000| Untracked 
|  70|0x00000000e4600000, 0x00000000e4600000, 0x00000000e4700000|  0%| F|  |TAMS 0x00000000e4600000, 0x00000000e4600000| Untracked 
|  71|0x00000000e4700000, 0x00000000e4700000, 0x00000000e4800000|  0%| F|  |TAMS 0x00000000e4700000, 0x00000000e4700000| Untracked 
|  72|0x00000000e4800000, 0x00000000e4800000, 0x00000000e4900000|  0%| F|  |TAMS 0x00000000e4800000, 0x00000000e4800000| Untracked 
|  73|0x00000000e4900000, 0x00000000e4900000, 0x00000000e4a00000|  0%| F|  |TAMS 0x00000000e4900000, 0x00000000e4900000| Untracked 
|  74|0x00000000e4a00000, 0x00000000e4a00000, 0x00000000e4b00000|  0%| F|  |TAMS 0x00000000e4a00000, 0x00000000e4a00000| Untracked 
|  75|0x00000000e4b00000, 0x00000000e4b00000, 0x00000000e4c00000|  0%| F|  |TAMS 0x00000000e4b00000, 0x00000000e4b00000| Untracked 
|  76|0x00000000e4c00000, 0x00000000e4c00000, 0x00000000e4d00000|  0%| F|  |TAMS 0x00000000e4c00000, 0x00000000e4c00000| Untracked 
|  77|0x00000000e4d00000, 0x00000000e4d00000, 0x00000000e4e00000|  0%| F|  |TAMS 0x00000000e4d00000, 0x00000000e4d00000| Untracked 
|  78|0x00000000e4e00000, 0x00000000e4e00000, 0x00000000e4f00000|  0%| F|  |TAMS 0x00000000e4e00000, 0x00000000e4e00000| Untracked 
|  79|0x00000000e4f00000, 0x00000000e4f00000, 0x00000000e5000000|  0%| F|  |TAMS 0x00000000e4f00000, 0x00000000e4f00000| Untracked 
|  80|0x00000000e5000000, 0x00000000e5000000, 0x00000000e5100000|  0%| F|  |TAMS 0x00000000e5000000, 0x00000000e5000000| Untracked 
|  81|0x00000000e5100000, 0x00000000e5100000, 0x00000000e5200000|  0%| F|  |TAMS 0x00000000e5100000, 0x00000000e5100000| Untracked 
|  82|0x00000000e5200000, 0x00000000e5200000, 0x00000000e5300000|  0%| F|  |TAMS 0x00000000e5200000, 0x00000000e5200000| Untracked 
|  83|0x00000000e5300000, 0x00000000e5300000, 0x00000000e5400000|  0%| F|  |TAMS 0x00000000e5300000, 0x00000000e5300000| Untracked 
|  84|0x00000000e5400000, 0x00000000e5400000, 0x00000000e5500000|  0%| F|  |TAMS 0x00000000e5400000, 0x00000000e5400000| Untracked 
|  85|0x00000000e5500000, 0x00000000e5500000, 0x00000000e5600000|  0%| F|  |TAMS 0x00000000e5500000, 0x00000000e5500000| Untracked 
|  86|0x00000000e5600000, 0x00000000e5600000, 0x00000000e5700000|  0%| F|  |TAMS 0x00000000e5600000, 0x00000000e5600000| Untracked 
|  87|0x00000000e5700000, 0x00000000e5700000, 0x00000000e5800000|  0%| F|  |TAMS 0x00000000e5700000, 0x00000000e5700000| Untracked 
|  88|0x00000000e5800000, 0x00000000e5800000, 0x00000000e5900000|  0%| F|  |TAMS 0x00000000e5800000, 0x00000000e5800000| Untracked 
|  89|0x00000000e5900000, 0x00000000e5900000, 0x00000000e5a00000|  0%| F|  |TAMS 0x00000000e5900000, 0x00000000e5900000| Untracked 
|  90|0x00000000e5a00000, 0x00000000e5a00000, 0x00000000e5b00000|  0%| F|  |TAMS 0x00000000e5a00000, 0x00000000e5a00000| Untracked 
|  91|0x00000000e5b00000, 0x00000000e5b00000, 0x00000000e5c00000|  0%| F|  |TAMS 0x00000000e5b00000, 0x00000000e5b00000| Untracked 
|  92|0x00000000e5c00000, 0x00000000e5c00000, 0x00000000e5d00000|  0%| F|  |TAMS 0x00000000e5c00000, 0x00000000e5c00000| Untracked 
|  93|0x00000000e5d00000, 0x00000000e5d00000, 0x00000000e5e00000|  0%| F|  |TAMS 0x00000000e5d00000, 0x00000000e5d00000| Untracked 
|  94|0x00000000e5e00000, 0x00000000e5e00000, 0x00000000e5f00000|  0%| F|  |TAMS 0x00000000e5e00000, 0x00000000e5e00000| Untracked 
|  95|0x00000000e5f00000, 0x00000000e5f00000, 0x00000000e6000000|  0%| F|  |TAMS 0x00000000e5f00000, 0x00000000e5f00000| Untracked 
|  96|0x00000000e6000000, 0x00000000e6000000, 0x00000000e6100000|  0%| F|  |TAMS 0x00000000e6000000, 0x00000000e6000000| Untracked 
|  97|0x00000000e6100000, 0x00000000e6100000, 0x00000000e6200000|  0%| F|  |TAMS 0x00000000e6100000, 0x00000000e6100000| Untracked 
|  98|0x00000000e6200000, 0x00000000e6200000, 0x00000000e6300000|  0%| F|  |TAMS 0x00000000e6200000, 0x00000000e6200000| Untracked 
|  99|0x00000000e6300000, 0x00000000e6300000, 0x00000000e6400000|  0%| F|  |TAMS 0x00000000e6300000, 0x00000000e6300000| Untracked 
| 100|0x00000000e6400000, 0x00000000e6400000, 0x00000000e6500000|  0%| F|  |TAMS 0x00000000e6400000, 0x00000000e6400000| Untracked 
| 101|0x00000000e6500000, 0x00000000e6500000, 0x00000000e6600000|  0%| F|  |TAMS 0x00000000e6500000, 0x00000000e6500000| Untracked 
| 102|0x00000000e6600000, 0x00000000e6600000, 0x00000000e6700000|  0%| F|  |TAMS 0x00000000e6600000, 0x00000000e6600000| Untracked 
| 103|0x00000000e6700000, 0x00000000e6700000, 0x00000000e6800000|  0%| F|  |TAMS 0x00000000e6700000, 0x00000000e6700000| Untracked 
| 104|0x00000000e6800000, 0x00000000e6800000, 0x00000000e6900000|  0%| F|  |TAMS 0x00000000e6800000, 0x00000000e6800000| Untracked 
| 105|0x00000000e6900000, 0x00000000e6900000, 0x00000000e6a00000|  0%| F|  |TAMS 0x00000000e6900000, 0x00000000e6900000| Untracked 
| 106|0x00000000e6a00000, 0x00000000e6a00000, 0x00000000e6b00000|  0%| F|  |TAMS 0x00000000e6a00000, 0x00000000e6a00000| Untracked 
| 107|0x00000000e6b00000, 0x00000000e6b00000, 0x00000000e6c00000|  0%| F|  |TAMS 0x00000000e6b00000, 0x00000000e6b00000| Untracked 
| 108|0x00000000e6c00000, 0x00000000e6c00000, 0x00000000e6d00000|  0%| F|  |TAMS 0x00000000e6c00000, 0x00000000e6c00000| Untracked 
| 109|0x00000000e6d00000, 0x00000000e6d00000, 0x00000000e6e00000|  0%| F|  |TAMS 0x00000000e6d00000, 0x00000000e6d00000| Untracked 
| 110|0x00000000e6e00000, 0x00000000e6e00000, 0x00000000e6f00000|  0%| F|  |TAMS 0x00000000e6e00000, 0x00000000e6e00000| Untracked 
| 111|0x00000000e6f00000, 0x00000000e6f00000, 0x00000000e7000000|  0%| F|  |TAMS 0x00000000e6f00000, 0x00000000e6f00000| Untracked 
| 112|0x00000000e7000000, 0x00000000e7000000, 0x00000000e7100000|  0%| F|  |TAMS 0x00000000e7000000, 0x00000000e7000000| Untracked 
| 113|0x00000000e7100000, 0x00000000e7100000, 0x00000000e7200000|  0%| F|  |TAMS 0x00000000e7100000, 0x00000000e7100000| Untracked 
| 114|0x00000000e7200000, 0x00000000e7200000, 0x00000000e7300000|  0%| F|  |TAMS 0x00000000e7200000, 0x00000000e7200000| Untracked 
| 115|0x00000000e7300000, 0x00000000e7300000, 0x00000000e7400000|  0%| F|  |TAMS 0x00000000e7300000, 0x00000000e7300000| Untracked 
| 116|0x00000000e7400000, 0x00000000e7400000, 0x00000000e7500000|  0%| F|  |TAMS 0x00000000e7400000, 0x00000000e7400000| Untracked 
| 117|0x00000000e7500000, 0x00000000e7500000, 0x00000000e7600000|  0%| F|  |TAMS 0x00000000e7500000, 0x00000000e7500000| Untracked 
| 118|0x00000000e7600000, 0x00000000e7600000, 0x00000000e7700000|  0%| F|  |TAMS 0x00000000e7600000, 0x00000000e7600000| Untracked 
| 119|0x00000000e7700000, 0x00000000e7700000, 0x00000000e7800000|  0%| F|  |TAMS 0x00000000e7700000, 0x00000000e7700000| Untracked 
| 120|0x00000000e7800000, 0x00000000e7800000, 0x00000000e7900000|  0%| F|  |TAMS 0x00000000e7800000, 0x00000000e7800000| Untracked 
| 121|0x00000000e7900000, 0x00000000e7900000, 0x00000000e7a00000|  0%| F|  |TAMS 0x00000000e7900000, 0x00000000e7900000| Untracked 
| 122|0x00000000e7a00000, 0x00000000e7a00000, 0x00000000e7b00000|  0%| F|  |TAMS 0x00000000e7a00000, 0x00000000e7a00000| Untracked 
| 123|0x00000000e7b00000, 0x00000000e7b00000, 0x00000000e7c00000|  0%| F|  |TAMS 0x00000000e7b00000, 0x00000000e7b00000| Untracked 
| 124|0x00000000e7c00000, 0x00000000e7ce9570, 0x00000000e7d00000| 91%| S|CS|TAMS 0x00000000e7c00000, 0x00000000e7c00000| Complete 
| 125|0x00000000e7d00000, 0x00000000e7d00000, 0x00000000e7e00000|  0%| F|  |TAMS 0x00000000e7d00000, 0x00000000e7d00000| Untracked 
| 126|0x00000000e7e00000, 0x00000000e7e00000, 0x00000000e7f00000|  0%| F|  |TAMS 0x00000000e7e00000, 0x00000000e7e00000| Untracked 
| 127|0x00000000e7f00000, 0x00000000e7f00000, 0x00000000e8000000|  0%| F|  |TAMS 0x00000000e7f00000, 0x00000000e7f00000| Untracked 
| 128|0x00000000e8000000, 0x00000000e8000000, 0x00000000e8100000|  0%| F|  |TAMS 0x00000000e8000000, 0x00000000e8000000| Untracked 
| 129|0x00000000e8100000, 0x00000000e8100000, 0x00000000e8200000|  0%| F|  |TAMS 0x00000000e8100000, 0x00000000e8100000| Untracked 
| 130|0x00000000e8200000, 0x00000000e8200000, 0x00000000e8300000|  0%| F|  |TAMS 0x00000000e8200000, 0x00000000e8200000| Untracked 

Card table byte_map: [0x0000025db8900000,0x0000025db8a00000] _byte_map_base: 0x0000025db8200000

Marking Bits (Prev, Next): (CMBitMap*) 0x0000025d9f4f1918, (CMBitMap*) 0x0000025d9f4f1950
 Prev Bits: [0x0000025db8b00000, 0x0000025db9300000)
 Next Bits: [0x0000025db9300000, 0x0000025db9b00000)

Polling page: 0x0000025d9f5a0000

Metaspace:

Usage:
  Non-class:     47.31 MB capacity,    46.86 MB (>99%) used,   369.51 KB ( <1%) free+waste,    87.19 KB ( <1%) overhead. 
      Class:      6.46 MB capacity,     6.18 MB ( 96%) used,   250.57 KB (  4%) free+waste,    39.63 KB ( <1%) overhead. 
       Both:     53.77 MB capacity,    53.04 MB ( 99%) used,   620.08 KB (  1%) free+waste,   126.81 KB ( <1%) overhead. 

Virtual space:
  Non-class space:       48.00 MB reserved,      47.50 MB ( 99%) committed 
      Class space:        1.00 GB reserved,       6.50 MB ( <1%) committed 
             Both:        1.05 GB reserved,      54.00 MB (  5%) committed 

Chunk freelists:
   Non-Class:  5.00 KB
       Class:  7.00 KB
        Both:  12.00 KB

MaxMetaspaceSize: 17179869184.00 GB
CompressedClassSpaceSize: 1.00 GB
Initial GC threshold: 20.80 MB
Current GC threshold: 89.59 MB
CDS: off

CodeHeap 'non-profiled nmethods': size=120064Kb used=2533Kb max_used=2533Kb free=117530Kb
 bounds [0x0000025db0eb0000, 0x0000025db1130000, 0x0000025db83f0000]
CodeHeap 'profiled nmethods': size=120000Kb used=10262Kb max_used=10262Kb free=109737Kb
 bounds [0x0000025da9980000, 0x0000025daa390000, 0x0000025db0eb0000]
CodeHeap 'non-nmethods': size=5696Kb used=1276Kb max_used=1318Kb free=4419Kb
 bounds [0x0000025da93f0000, 0x0000025da9660000, 0x0000025da9980000]
 total_blobs=5134 nmethods=4569 adapters=478
 compilation: enabled
              stopped_count=0, restarted_count=0
 full_count=0

Compilation events (20 events):
Event: 373.890 Thread 0x0000025dbc6fd800 nmethod 4602 0x0000025daa37e590 code [0x0000025daa37e740, 0x0000025daa37e908]
Event: 373.890 Thread 0x0000025dbc6fd800 4603       3       java.util.ArrayList$SubList::toArray (79 bytes)
Event: 373.891 Thread 0x0000025dbc6fd800 nmethod 4603 0x0000025daa37ea10 code [0x0000025daa37ec20, 0x0000025daa37f2c8]
Event: 373.952 Thread 0x0000025dbc6fd800 4604       3       kotlin.UnsafeLazyImpl::getValue (37 bytes)
Event: 373.953 Thread 0x0000025dbc6fd800 nmethod 4604 0x0000025daa37f490 code [0x0000025daa37f6c0, 0x0000025daa37fd98]
Event: 373.953 Thread 0x0000025dbc6fd800 4605       3       kotlin.collections.CollectionsKt___CollectionsKt::toSet (142 bytes)
Event: 373.955 Thread 0x0000025dbc6fd800 nmethod 4605 0x0000025daa380010 code [0x0000025daa380440, 0x0000025daa382198]
Event: 373.955 Thread 0x0000025dbc6fd800 4606       3       org.jetbrains.kotlin.types.ClassifierBasedTypeConstructor::hashCode (61 bytes)
Event: 373.956 Thread 0x0000025dbc6fd800 nmethod 4606 0x0000025daa382a10 code [0x0000025daa382ca0, 0x0000025daa383688]
Event: 373.956 Thread 0x0000025dbc6fd800 4607       3       org.jetbrains.kotlin.load.java.lazy.descriptors.LazyJavaClassDescriptor$LazyJavaClassTypeConstructor::getDeclarationDescriptor (8 bytes)
Event: 373.956 Thread 0x0000025dbc6fd800 nmethod 4607 0x0000025daa383990 code [0x0000025daa383b40, 0x0000025daa383c98]
Event: 373.956 Thread 0x0000025dbc6fd800 4608       1       org.jetbrains.kotlin.types.AbstractTypeConstructor$Supertypes::getAllSupertypes (5 bytes)
Event: 373.956 Thread 0x0000025dbc6fd800 nmethod 4608 0x0000025db1128f10 code [0x0000025db11290c0, 0x0000025db1129178]
Event: 373.956 Thread 0x0000025dbc6fd800 4610       1       kotlin.sequences.DropWhileSequence::access$getPredicate$p (5 bytes)
Event: 373.956 Thread 0x0000025dbc6fd800 nmethod 4610 0x0000025db1129210 code [0x0000025db11293c0, 0x0000025db1129458]
Event: 373.996 Thread 0x0000025dbc6fd800 4614       3       org.jetbrains.kotlin.psi.KtModifierList::hasModifier (43 bytes)
Event: 373.997 Thread 0x0000025dbc6fd800 nmethod 4614 0x0000025daa383d90 code [0x0000025daa384020, 0x0000025daa384cf8]
Event: 373.997 Thread 0x0000025dbc6fd800 4615       3       org.jetbrains.kotlin.psi.KtModifierList::getModifier (15 bytes)
Event: 373.998 Thread 0x0000025dbc6fd800 nmethod 4615 0x0000025daa385010 code [0x0000025daa385200, 0x0000025daa3856d8]
Event: 373.998 Thread 0x0000025dbc6fd800 4616       3       org.jetbrains.kotlin.com.intellij.psi.search.SearchScope::hashCode (21 bytes)

GC Heap History (20 events):
Event: 291.817 GC heap after
{Heap after GC invocations=48 (full 0):
 garbage-first heap   total 90112K, used 45977K [0x00000000e0000000, 0x0000000100000000)
  region size 1024K, 1 young (1024K), 1 survivors (1024K)
 Metaspace       used 48523K, capacity 49190K, committed 49408K, reserved 1093632K
  class space    used 5636K, capacity 5878K, committed 5888K, reserved 1048576K
}
Event: 297.143 GC heap before
{Heap before GC invocations=48 (full 0):
 garbage-first heap   total 90112K, used 48025K [0x00000000e0000000, 0x0000000100000000)
  region size 1024K, 4 young (4096K), 1 survivors (1024K)
 Metaspace       used 49563K, capacity 50317K, committed 50432K, reserved 1093632K
  class space    used 5760K, capacity 6040K, committed 6144K, reserved 1048576K
}
Event: 298.050 GC heap after
{Heap after GC invocations=49 (full 0):
 garbage-first heap   total 134144K, used 46205K [0x00000000e0000000, 0x0000000100000000)
  region size 1024K, 1 young (1024K), 1 survivors (1024K)
 Metaspace       used 49563K, capacity 50317K, committed 50432K, reserved 1093632K
  class space    used 5760K, capacity 6040K, committed 6144K, reserved 1048576K
}
Event: 320.282 GC heap before
{Heap before GC invocations=50 (full 0):
 garbage-first heap   total 134144K, used 50301K [0x00000000e0000000, 0x0000000100000000)
  region size 1024K, 6 young (6144K), 1 survivors (1024K)
 Metaspace       used 50935K, capacity 51696K, committed 51968K, reserved 1095680K
  class space    used 5991K, capacity 6288K, committed 6400K, reserved 1048576K
}
Event: 320.306 GC heap after
{Heap after GC invocations=51 (full 0):
 garbage-first heap   total 134144K, used 46560K [0x00000000e0000000, 0x0000000100000000)
  region size 1024K, 1 young (1024K), 1 survivors (1024K)
 Metaspace       used 50935K, capacity 51696K, committed 51968K, reserved 1095680K
  class space    used 5991K, capacity 6288K, committed 6400K, reserved 1048576K
}
Event: 333.369 GC heap before
{Heap before GC invocations=51 (full 0):
 garbage-first heap   total 134144K, used 51680K [0x00000000e0000000, 0x0000000100000000)
  region size 1024K, 6 young (6144K), 1 survivors (1024K)
 Metaspace       used 52087K, capacity 52851K, committed 53120K, reserved 1095680K
  class space    used 6119K, capacity 6417K, committed 6528K, reserved 1048576K
}
Event: 334.027 GC heap after
{Heap after GC invocations=52 (full 0):
 garbage-first heap   total 134144K, used 46831K [0x00000000e0000000, 0x0000000100000000)
  region size 1024K, 1 young (1024K), 1 survivors (1024K)
 Metaspace       used 52087K, capacity 52851K, committed 53120K, reserved 1095680K
  class space    used 6119K, capacity 6417K, committed 6528K, reserved 1048576K
}
Event: 346.215 GC heap before
{Heap before GC invocations=53 (full 0):
 garbage-first heap   total 134144K, used 51951K [0x00000000e0000000, 0x0000000100000000)
  region size 1024K, 6 young (6144K), 1 survivors (1024K)
 Metaspace       used 53332K, capacity 54096K, committed 54272K, reserved 1097728K
  class space    used 6235K, capacity 6552K, committed 6656K, reserved 1048576K
}
Event: 346.816 GC heap after
{Heap after GC invocations=54 (full 0):
 garbage-first heap   total 134144K, used 47178K [0x00000000e0000000, 0x0000000100000000)
  region size 1024K, 1 young (1024K), 1 survivors (1024K)
 Metaspace       used 53332K, capacity 54096K, committed 54272K, reserved 1097728K
  class space    used 6235K, capacity 6552K, committed 6656K, reserved 1048576K
}
Event: 356.973 GC heap before
{Heap before GC invocations=54 (full 0):
 garbage-first heap   total 134144K, used 50250K [0x00000000e0000000, 0x0000000100000000)
  region size 1024K, 5 young (5120K), 1 survivors (1024K)
 Metaspace       used 54021K, capacity 54739K, committed 54784K, reserved 1097728K
  class space    used 6314K, capacity 6617K, committed 6656K, reserved 1048576K
}
Event: 357.431 GC heap after
{Heap after GC invocations=55 (full 0):
 garbage-first heap   total 134144K, used 47579K [0x00000000e0000000, 0x0000000100000000)
  region size 1024K, 1 young (1024K), 1 survivors (1024K)
 Metaspace       used 54021K, capacity 54739K, committed 54784K, reserved 1097728K
  class space    used 6314K, capacity 6617K, committed 6656K, reserved 1048576K
}
Event: 359.207 GC heap before
{Heap before GC invocations=56 (full 0):
 garbage-first heap   total 134144K, used 53723K [0x00000000e0000000, 0x0000000100000000)
  region size 1024K, 6 young (6144K), 1 survivors (1024K)
 Metaspace       used 54066K, capacity 54804K, committed 55040K, reserved 1097728K
  class space    used 6314K, capacity 6617K, committed 6656K, reserved 1048576K
}
Event: 360.171 GC heap after
{Heap after GC invocations=57 (full 0):
 garbage-first heap   total 134144K, used 48607K [0x00000000e0000000, 0x0000000100000000)
  region size 1024K, 1 young (1024K), 1 survivors (1024K)
 Metaspace       used 54066K, capacity 54804K, committed 55040K, reserved 1097728K
  class space    used 6314K, capacity 6617K, committed 6656K, reserved 1048576K
}
Event: 360.234 GC heap before
{Heap before GC invocations=57 (full 0):
 garbage-first heap   total 134144K, used 53727K [0x00000000e0000000, 0x0000000100000000)
  region size 1024K, 6 young (6144K), 1 survivors (1024K)
 Metaspace       used 54092K, capacity 54804K, committed 55040K, reserved 1097728K
  class space    used 6314K, capacity 6617K, committed 6656K, reserved 1048576K
}
Event: 360.641 GC heap after
{Heap after GC invocations=58 (full 0):
 garbage-first heap   total 134144K, used 50598K [0x00000000e0000000, 0x0000000100000000)
  region size 1024K, 1 young (1024K), 1 survivors (1024K)
 Metaspace       used 54092K, capacity 54804K, committed 55040K, reserved 1097728K
  class space    used 6314K, capacity 6617K, committed 6656K, reserved 1048576K
}
Event: 362.029 GC heap before
{Heap before GC invocations=59 (full 0):
 garbage-first heap   total 134144K, used 62886K [0x00000000e0000000, 0x0000000100000000)
  region size 1024K, 13 young (13312K), 1 survivors (1024K)
 Metaspace       used 54136K, capacity 54868K, committed 55040K, reserved 1097728K
  class space    used 6315K, capacity 6617K, committed 6656K, reserved 1048576K
}
Event: 362.797 GC heap after
{Heap after GC invocations=60 (full 0):
 garbage-first heap   total 134144K, used 51913K [0x00000000e0000000, 0x0000000100000000)
  region size 1024K, 2 young (2048K), 2 survivors (2048K)
 Metaspace       used 54136K, capacity 54868K, committed 55040K, reserved 1097728K
  class space    used 6315K, capacity 6617K, committed 6656K, reserved 1048576K
}
Event: 365.758 GC heap before
{Heap before GC invocations=60 (full 0):
 garbage-first heap   total 134144K, used 56009K [0x00000000e0000000, 0x0000000100000000)
  region size 1024K, 6 young (6144K), 2 survivors (2048K)
 Metaspace       used 54144K, capacity 54868K, committed 55040K, reserved 1097728K
  class space    used 6315K, capacity 6617K, committed 6656K, reserved 1048576K
}
Event: 368.444 GC heap after
{Heap after GC invocations=61 (full 0):
 garbage-first heap   total 134144K, used 52396K [0x00000000e0000000, 0x0000000100000000)
  region size 1024K, 1 young (1024K), 1 survivors (1024K)
 Metaspace       used 54144K, capacity 54868K, committed 55040K, reserved 1097728K
  class space    used 6315K, capacity 6617K, committed 6656K, reserved 1048576K
}
Event: 374.048 GC heap before
{Heap before GC invocations=62 (full 0):
 garbage-first heap   total 134144K, used 55828K [0x00000000e0000000, 0x0000000100000000)
  region size 1024K, 6 young (6144K), 1 survivors (1024K)
 Metaspace       used 54313K, capacity 55060K, committed 55296K, reserved 1097728K
  class space    used 6326K, capacity 6617K, committed 6656K, reserved 1048576K
}

Deoptimization events (20 events):
Event: 358.051 Thread 0x0000025d9f4cc000 DEOPT PACKING pc=0x0000025daa0660ff sp=0x0000007c710fb690
Event: 358.230 Thread 0x0000025d9f4cc000 DEOPT UNPACKING pc=0x0000025da943a93f sp=0x0000007c710faae0 mode 0
Event: 364.151 Thread 0x0000025d9f4cc000 DEOPT PACKING pc=0x0000025daa32340c sp=0x0000007c710fc3b0
Event: 364.151 Thread 0x0000025d9f4cc000 DEOPT UNPACKING pc=0x0000025da943a93f sp=0x0000007c710fb890 mode 0
Event: 365.566 Thread 0x0000025d9f4cc000 DEOPT PACKING pc=0x0000025daa0660ff sp=0x0000007c710fbaf0
Event: 365.622 Thread 0x0000025d9f4cc000 DEOPT UNPACKING pc=0x0000025da943a93f sp=0x0000007c710faf40 mode 0
Event: 368.488 Thread 0x0000025d9f4cc000 DEOPT PACKING pc=0x0000025daa32340c sp=0x0000007c710fc3b0
Event: 368.488 Thread 0x0000025d9f4cc000 DEOPT UNPACKING pc=0x0000025da943a93f sp=0x0000007c710fb890 mode 0
Event: 368.894 Thread 0x0000025d9f4cc000 Uncommon trap: trap_request=0xffffff4d fr.pc=0x0000025db10dd308 relative=0x0000000000000328
Event: 368.894 Thread 0x0000025d9f4cc000 Uncommon trap: reason=unstable_if action=reinterpret pc=0x0000025db10dd308 method=gnu.trove.TObjectHash.insertionIndex(Ljava/lang/Object;)I @ 167 c2
Event: 368.894 Thread 0x0000025d9f4cc000 DEOPT PACKING pc=0x0000025db10dd308 sp=0x0000007c710fd740
Event: 368.894 Thread 0x0000025d9f4cc000 DEOPT UNPACKING pc=0x0000025da943a1a9 sp=0x0000007c710fd6c0 mode 2
Event: 368.901 Thread 0x0000025d9f4cc000 Uncommon trap: trap_request=0xffffffcc fr.pc=0x0000025db11159a4 relative=0x00000000000002e4
Event: 368.901 Thread 0x0000025d9f4cc000 Uncommon trap: reason=intrinsic_or_type_checked_inlining action=make_not_entrant pc=0x0000025db11159a4 method=java.util.ArrayList.toArray([Ljava/lang/Object;)[Ljava/lang/Object; @ 36 c2
Event: 368.901 Thread 0x0000025d9f4cc000 DEOPT PACKING pc=0x0000025db11159a4 sp=0x0000007c710fd6b0
Event: 368.901 Thread 0x0000025d9f4cc000 DEOPT UNPACKING pc=0x0000025da943a1a9 sp=0x0000007c710fd690 mode 2
Event: 372.550 Thread 0x0000025d9f4cc000 Uncommon trap: trap_request=0xffffff4d fr.pc=0x0000025db1112ee4 relative=0x0000000000001344
Event: 372.550 Thread 0x0000025d9f4cc000 Uncommon trap: reason=unstable_if action=reinterpret pc=0x0000025db1112ee4 method=org.jetbrains.org.objectweb.asm.ClassReader.readElementValue(Lorg/jetbrains/org/objectweb/asm/AnnotationVisitor;ILjava/lang/String;[C)I @ 102 c2
Event: 372.550 Thread 0x0000025d9f4cc000 DEOPT PACKING pc=0x0000025db1112ee4 sp=0x0000007c710f87b0
Event: 372.550 Thread 0x0000025d9f4cc000 DEOPT UNPACKING pc=0x0000025da943a1a9 sp=0x0000007c710f8730 mode 2

Classes redefined (0 events):
No events

Internal exceptions (20 events):
Event: 118.367 Thread 0x0000025d9f4cc000 Exception <a 'sun/nio/fs/WindowsException'{0x00000000e1d157c8}> (0x00000000e1d157c8) thrown at [./src/hotspot/share/prims/jni.cpp, line 617]
Event: 118.368 Thread 0x0000025d9f4cc000 Exception <a 'sun/nio/fs/WindowsException'{0x00000000e1d16040}> (0x00000000e1d16040) thrown at [./src/hotspot/share/prims/jni.cpp, line 617]
Event: 118.368 Thread 0x0000025d9f4cc000 Exception <a 'sun/nio/fs/WindowsException'{0x00000000e1d168c8}> (0x00000000e1d168c8) thrown at [./src/hotspot/share/prims/jni.cpp, line 617]
Event: 118.369 Thread 0x0000025d9f4cc000 Exception <a 'sun/nio/fs/WindowsException'{0x00000000e1d172c0}> (0x00000000e1d172c0) thrown at [./src/hotspot/share/prims/jni.cpp, line 617]
Event: 118.369 Thread 0x0000025d9f4cc000 Exception <a 'sun/nio/fs/WindowsException'{0x00000000e1d17bc8}> (0x00000000e1d17bc8) thrown at [./src/hotspot/share/prims/jni.cpp, line 617]
Event: 118.370 Thread 0x0000025d9f4cc000 Exception <a 'sun/nio/fs/WindowsException'{0x00000000e1d18500}> (0x00000000e1d18500) thrown at [./src/hotspot/share/prims/jni.cpp, line 617]
Event: 118.379 Thread 0x0000025d9f4cc000 Exception <a 'java/lang/NoSuchMethodError'{0x00000000e1d1ed10}: 'void java.lang.invoke.DirectMethodHandle$Holder.invokeStatic(java.lang.Object, java.lang.Object, java.lang.Object, java.lang.Object)'> (0x00000000e1d1ed10) thrown at [./src/hotspot/share/interpreter/linkResolver.cpp, line 773]
Event: 121.245 Thread 0x0000025d9f4cc000 Exception <a 'java/lang/NoSuchMethodError'{0x00000000e1d07368}: 'void java.lang.invoke.DirectMethodHandle$Holder.invokeStaticInit(java.lang.Object, java.lang.Object)'> (0x00000000e1d07368) thrown at [./src/hotspot/share/interpreter/linkResolver.cpp, line 773]
Event: 126.056 Thread 0x0000025d9f4cc000 Exception <a 'java/lang/NoSuchMethodError'{0x00000000e1ca2ac0}: 'void java.lang.invoke.DirectMethodHandle$Holder.invokeVirtual(java.lang.Object, java.lang.Object)'> (0x00000000e1ca2ac0) thrown at [./src/hotspot/share/interpreter/linkResolver.cpp, line 773]
Event: 143.317 Thread 0x0000025d9f4cc000 Exception <a 'java/lang/NoSuchMethodError'{0x00000000e22156a0}: 'int java.lang.invoke.DirectMethodHandle$Holder.invokeVirtual(java.lang.Object, java.lang.Object)'> (0x00000000e22156a0) thrown at [./src/hotspot/share/interpreter/linkResolver.cpp, line 773]
Event: 149.094 Thread 0x0000025d9f4cc000 Implicit null exception at 0x0000025db0fa19d2 to 0x0000025db0fa24ec
Event: 149.094 Thread 0x0000025d9f4cc000 Implicit null exception at 0x0000025db0fa489a to 0x0000025db0fa5050
Event: 149.260 Thread 0x0000025d9f4cc000 Implicit null exception at 0x0000025db0f9d820 to 0x0000025db0f9d8a1
Event: 168.994 Thread 0x0000025d9f4cc000 Exception <a 'java/lang/NoSuchMethodError'{0x00000000e4914030}: 'java.lang.Object java.lang.invoke.DirectMethodHandle$Holder.invokeVirtual(java.lang.Object, java.lang.Object, java.lang.Object)'> (0x00000000e4914030) thrown at [./src/hotspot/share/interpreter/linkResolver.cpp, line 773]
Event: 231.823 Thread 0x0000025d9f4cc000 Exception <a 'java/lang/NoSuchMethodError'{0x00000000e54d8910}: 'java.lang.Object java.lang.invoke.Invokers$Holder.linkToTargetMethod(java.lang.Object, int, java.lang.Object)'> (0x00000000e54d8910) thrown at [./src/hotspot/share/interpreter/linkResolver.cpp, line 773]
Event: 236.572 Thread 0x0000025d9f4cc000 Exception <a 'java/lang/NoSuchMethodError'{0x00000000e5042a00}: 'java.lang.Object java.lang.invoke.DirectMethodHandle$Holder.invokeStatic(java.lang.Object, java.lang.Object, java.lang.Object, int)'> (0x00000000e5042a00) thrown at [./src/hotspot/share/interpreter/linkResolver.cpp, line 773]
Event: 236.574 Thread 0x0000025d9f4cc000 Exception <a 'java/lang/NoSuchMethodError'{0x00000000e5046670}: 'java.lang.Object java.lang.invoke.DirectMethodHandle$Holder.invokeSpecial(java.lang.Object, java.lang.Object, java.lang.Object, java.lang.Object, int)'> (0x00000000e5046670) thrown at [./src/hotspot/share/interpreter/linkResolver.cpp, line 773]
Event: 236.574 Thread 0x0000025d9f4cc000 Exception <a 'java/lang/NoSuchMethodError'{0x00000000e5049980}: 'java.lang.Object java.lang.invoke.Invokers$Holder.linkToTargetMethod(java.lang.Object, java.lang.Object, int, java.lang.Object)'> (0x00000000e5049980) thrown at [./src/hotspot/share/interpreter/linkResolver.cpp, line 773]
Event: 304.928 Thread 0x0000025d9f4cc000 Exception <a 'java/lang/NoSuchMethodError'{0x00000000e81ca720}: 'java.lang.Object java.lang.invoke.DirectMethodHandle$Holder.invokeSpecial(java.lang.Object, java.lang.Object, java.lang.Object, java.lang.Object, java.lang.Object, int)'> (0x00000000e81ca720) thrown at [./src/hotspot/share/interpreter/linkResolver.cpp, line 773]
Event: 308.690 Thread 0x0000025d9f4cc000 Exception <a 'java/lang/NoSuchMethodError'{0x00000000e81ce568}: 'java.lang.Object java.lang.invoke.Invokers$Holder.linkToTargetMethod(java.lang.Object, java.lang.Object, java.lang.Object, int, java.lang.Object)'> (0x00000000e81ce568) thrown at [./src/hotspot/share/interpreter/linkResolver.cpp, line 773]

Events (20 events):
Event: 370.906 loading class org/jetbrains/kotlin/types/AbstractNullabilityChecker done
Event: 371.099 loading class org/jetbrains/kotlin/descriptors/ModalityUtilsKt
Event: 371.099 loading class org/jetbrains/kotlin/descriptors/ModalityUtilsKt done
Event: 371.110 loading class org/jetbrains/kotlin/types/TypeCheckerState$SupertypesPolicy$None
Event: 371.110 loading class org/jetbrains/kotlin/types/TypeCheckerState$SupertypesPolicy$None done
Event: 371.113 loading class org/jetbrains/kotlin/types/AbstractTypeChecker$WhenMappings
Event: 371.113 loading class org/jetbrains/kotlin/types/AbstractTypeChecker$WhenMappings done
Event: 371.118 loading class org/jetbrains/kotlin/types/TypeCheckerState$LowerCapturedTypePolicy
Event: 371.118 loading class org/jetbrains/kotlin/types/TypeCheckerState$LowerCapturedTypePolicy done
Event: 371.120 loading class org/jetbrains/kotlin/types/TypeCheckerState$SupertypesPolicy$LowerIfFlexible
Event: 371.120 loading class org/jetbrains/kotlin/types/TypeCheckerState$SupertypesPolicy$LowerIfFlexible done
Event: 371.123 loading class org/jetbrains/kotlin/types/checker/NewCapturedTypeConstructor$_supertypes$2
Event: 371.123 loading class org/jetbrains/kotlin/types/checker/NewCapturedTypeConstructor$_supertypes$2 done
Event: 371.124 loading class org/jetbrains/kotlin/types/checker/NewCapturedTypeConstructor$initializeSupertypes$2
Event: 371.124 loading class org/jetbrains/kotlin/types/checker/NewCapturedTypeConstructor$initializeSupertypes$2 done
Event: 372.551 loading class org/jetbrains/kotlin/load/java/components/JavaDeprecatedAnnotationDescriptor
Event: 372.551 loading class org/jetbrains/kotlin/load/java/components/JavaDeprecatedAnnotationDescriptor done
Event: 372.570 loading class org/jetbrains/kotlin/load/java/components/JavaDeprecatedAnnotationDescriptor$allValueArguments$2
Event: 372.570 loading class org/jetbrains/kotlin/load/java/components/JavaDeprecatedAnnotationDescriptor$allValueArguments$2 done
Event: 374.001 Executing VM operation: G1CollectForAllocation


Dynamic libraries:
0x00007ff6a1170000 - 0x00007ff6a117d000 	C:\Program Files\Eclipse Adoptium\jdk-11.0.16.101-hotspot\bin\java.exe
0x00007ff8cfd10000 - 0x00007ff8cff08000 	C:\Windows\SYSTEM32\ntdll.dll
0x00007ff8ce170000 - 0x00007ff8ce22f000 	C:\Windows\System32\KERNEL32.DLL
0x00007ff8cd4c0000 - 0x00007ff8cd792000 	C:\Windows\System32\KERNELBASE.dll
0x00007ff8cac10000 - 0x00007ff8caca1000 	C:\Windows\SYSTEM32\apphelp.dll
0x00007ff8cdb10000 - 0x00007ff8cdc10000 	C:\Windows\System32\ucrtbase.dll
0x00007ff8c32f0000 - 0x00007ff8c3307000 	C:\Program Files\Eclipse Adoptium\jdk-11.0.16.101-hotspot\bin\jli.dll
0x00007ff8cdd50000 - 0x00007ff8cdef1000 	C:\Windows\System32\USER32.dll
0x00007ff8c2c40000 - 0x00007ff8c2c55000 	C:\Program Files\Eclipse Adoptium\jdk-11.0.16.101-hotspot\bin\VCRUNTIME140.dll
0x00007ff8cd980000 - 0x00007ff8cd9a2000 	C:\Windows\System32\win32u.dll
0x00007ff8cec30000 - 0x00007ff8cec5b000 	C:\Windows\System32\GDI32.dll
0x00007ff8bda40000 - 0x00007ff8bdcda000 	C:\Windows\WinSxS\amd64_microsoft.windows.common-controls_6595b64144ccf1df_6.0.19041.1110_none_60b5254171f9507e\COMCTL32.dll
0x00007ff8cdc40000 - 0x00007ff8cdd4f000 	C:\Windows\System32\gdi32full.dll
0x00007ff8ce0d0000 - 0x00007ff8ce16e000 	C:\Windows\System32\msvcrt.dll
0x00007ff8cd8e0000 - 0x00007ff8cd97d000 	C:\Windows\System32\msvcp_win.dll
0x00007ff8cf8f0000 - 0x00007ff8cf922000 	C:\Windows\System32\IMM32.DLL
0x00007ff8b7110000 - 0x00007ff8b71ab000 	C:\Program Files\Eclipse Adoptium\jdk-11.0.16.101-hotspot\bin\msvcp140.dll
0x00007ff8a2310000 - 0x00007ff8a2e92000 	C:\Program Files\Eclipse Adoptium\jdk-11.0.16.101-hotspot\bin\server\jvm.dll
0x00007ff8ce230000 - 0x00007ff8ce2de000 	C:\Windows\System32\ADVAPI32.dll
0x00007ff8cdf00000 - 0x00007ff8cdf9c000 	C:\Windows\System32\sechost.dll
0x00007ff8cfad0000 - 0x00007ff8cfbf5000 	C:\Windows\System32\RPCRT4.dll
0x00007ff8ce9d0000 - 0x00007ff8ce9d8000 	C:\Windows\System32\PSAPI.DLL
0x00007ff8cabb0000 - 0x00007ff8cabb9000 	C:\Windows\SYSTEM32\WSOCK32.dll
0x00007ff8ce800000 - 0x00007ff8ce86b000 	C:\Windows\System32\WS2_32.dll
0x00007ff8c05a0000 - 0x00007ff8c05c7000 	C:\Windows\SYSTEM32\WINMM.dll
0x00007ff8c4210000 - 0x00007ff8c421a000 	C:\Windows\SYSTEM32\VERSION.dll
0x00007ff8cb2c0000 - 0x00007ff8cb2d2000 	C:\Windows\SYSTEM32\kernel.appcore.dll
0x00007ff8c7050000 - 0x00007ff8c7060000 	C:\Program Files\Eclipse Adoptium\jdk-11.0.16.101-hotspot\bin\verify.dll
0x00007ff8bffb0000 - 0x00007ff8c0194000 	C:\Windows\SYSTEM32\DBGHELP.DLL
0x00007ff8c0530000 - 0x00007ff8c0565000 	C:\Windows\SYSTEM32\dbgcore.DLL
0x00007ff8cd7a0000 - 0x00007ff8cd822000 	C:\Windows\System32\bcryptPrimitives.dll
0x00007ff8bae70000 - 0x00007ff8bae98000 	C:\Program Files\Eclipse Adoptium\jdk-11.0.16.101-hotspot\bin\java.dll
0x00007ff8c6ce0000 - 0x00007ff8c6cea000 	C:\Program Files\Eclipse Adoptium\jdk-11.0.16.101-hotspot\bin\jimage.dll
0x00007ff8c2110000 - 0x00007ff8c2128000 	C:\Program Files\Eclipse Adoptium\jdk-11.0.16.101-hotspot\bin\zip.dll
0x00007ff8cecc0000 - 0x00007ff8cf404000 	C:\Windows\System32\SHELL32.dll
0x00007ff8cb4c0000 - 0x00007ff8cbc52000 	C:\Windows\SYSTEM32\windows.storage.dll
0x00007ff8ce490000 - 0x00007ff8ce7e5000 	C:\Windows\System32\combase.dll
0x00007ff8cce60000 - 0x00007ff8cce90000 	C:\Windows\SYSTEM32\Wldp.dll
0x00007ff8ce870000 - 0x00007ff8ce91d000 	C:\Windows\System32\SHCORE.dll
0x00007ff8cf930000 - 0x00007ff8cf985000 	C:\Windows\System32\shlwapi.dll
0x00007ff8cd340000 - 0x00007ff8cd35f000 	C:\Windows\SYSTEM32\profapi.dll
0x00007ff8c1500000 - 0x00007ff8c1519000 	C:\Program Files\Eclipse Adoptium\jdk-11.0.16.101-hotspot\bin\net.dll
0x00007ff8c2ca0000 - 0x00007ff8c2dac000 	C:\Windows\SYSTEM32\WINHTTP.dll
0x00007ff8ccbc0000 - 0x00007ff8ccc2a000 	C:\Windows\system32\mswsock.dll
0x00007ff8bf860000 - 0x00007ff8bf873000 	C:\Program Files\Eclipse Adoptium\jdk-11.0.16.101-hotspot\bin\nio.dll

dbghelp: loaded successfully - version: 4.0.5 - missing functions: none
symbol engine: initialized successfully - sym options: 0x614 - pdb path: .;C:\Program Files\Eclipse Adoptium\jdk-11.0.16.101-hotspot\bin;C:\Windows\SYSTEM32;C:\Windows\WinSxS\amd64_microsoft.windows.common-controls_6595b64144ccf1df_6.0.19041.1110_none_60b5254171f9507e;C:\Program Files\Eclipse Adoptium\jdk-11.0.16.101-hotspot\bin\server

VM Arguments:
java_command: org.jetbrains.kotlin.cli.jvm.K2JVMCompiler @C:\Users\elank\Documents\RNApps\Elan\RapidAPI\node_modules\react-native-gradle-plugin\build\20230112_10599939738448400875.compiler.options
java_class_path (initial): C:\Users\elank\.gradle\caches\modules-2\files-2.1\org.jetbrains.kotlin\kotlin-compiler-embeddable\1.6.10\88f2073f4020cdb83132cfe940ceb9a60aba54ea\kotlin-compiler-embeddable-1.6.10.jar;C:\Users\elank\.gradle\caches\modules-2\files-2.1\org.jetbrains.kotlin\kotlin-reflect\1.6.10\1cbe9c92c12a94eea200d23c2bbaedaf3daf5132\kotlin-reflect-1.6.10.jar;C:\Users\elank\.gradle\caches\modules-2\files-2.1\org.jetbrains.kotlin\kotlin-stdlib\1.6.10\b8af3fe6f1ca88526914929add63cf5e7c5049af\kotlin-stdlib-1.6.10.jar;C:\Users\elank\.gradle\caches\modules-2\files-2.1\org.jetbrains.kotlin\kotlin-script-runtime\1.6.10\d0a7ff2e2500ef497ed0214ae40ad3c8387a6164\kotlin-script-runtime-1.6.10.jar;C:\Users\elank\.gradle\caches\modules-2\files-2.1\org.jetbrains.kotlin\kotlin-daemon-embeddable\1.6.10\a56d79bcbea411fa6058e4ecffc2de73e742bd2a\kotlin-daemon-embeddable-1.6.10.jar;C:\Users\elank\.gradle\caches\modules-2\files-2.1\org.jetbrains.intellij.deps\trove4j\1.0.20181211\216c2e14b070f334479d800987affe4054cd563f\trove4j-1.0.20181211.jar;C:\Users\elank\.gradle\caches\modules-2\files-2.1\net.java.dev.jna\jna\5.6.0\330f2244e9030119ab3030fc3fededc86713d9cc\jna-5.6.0.jar;C:\Users\elank\.gradle\caches\modules-2\files-2.1\org.jetbrains\annotations\13.0\919f0dfe192fb4e063e7dacadee7f8bb9a2672a9\annotations-13.0.jar;C:\Users\elank\.gradle\caches\modules-2\files-2.1\org.jetbrains.kotlin\kotlin-stdlib-common\1.6.10\c118700e3a33c8a0d9adc920e9dec0831171925\kotlin-stdlib-common-1.6.10.jar
Launcher Type: SUN_STANDARD

[Global flags]
     intx CICompilerCount                          = 2                                         {product} {ergonomic}
     uint ConcGCThreads                            = 1                                         {product} {ergonomic}
     uint G1ConcRefinementThreads                  = 2                                         {product} {ergonomic}
   size_t G1HeapRegionSize                         = 1048576                                   {product} {ergonomic}
    uintx GCDrainStackTargetSize                   = 64                                        {product} {ergonomic}
   size_t InitialHeapSize                          = 33554432                                  {product} {ergonomic}
   size_t MarkStackSize                            = 4194304                                   {product} {ergonomic}
   size_t MaxHeapSize                              = 536870912                                 {product} {ergonomic}
   size_t MaxNewSize                               = 321912832                                 {product} {ergonomic}
   size_t MinHeapDeltaBytes                        = 1048576                                   {product} {ergonomic}
    uintx NonNMethodCodeHeapSize                   = 5825164                                {pd product} {ergonomic}
    uintx NonProfiledCodeHeapSize                  = 122916538                              {pd product} {ergonomic}
    uintx ProfiledCodeHeapSize                     = 122916538                              {pd product} {ergonomic}
    uintx ReservedCodeCacheSize                    = 251658240                              {pd product} {ergonomic}
     bool SegmentedCodeCache                       = true                                      {product} {ergonomic}
     bool UseCompressedClassPointers               = true                                 {lp64_product} {ergonomic}
     bool UseCompressedOops                        = true                                 {lp64_product} {ergonomic}
     bool UseG1GC                                  = true                                      {product} {ergonomic}
     bool UseLargePagesIndividualAllocation        = false                                  {pd product} {ergonomic}

Logging:
Log output configuration:
 #0: stdout all=warning uptime,level,tags
 #1: stderr all=off uptime,level,tags

Environment Variables:
JAVA_HOME=C:\Program Files\Eclipse Adoptium\jdk-11.0.16.101-hotspot
PATH=C:\Program Files (x86)\Common Files\Oracle\Java\javapath;C:\Program Files\MySQL\MySQL Server 8.0\bin;C:\Windows\system32;C:\Windows;C:\Windows\System32\Wbem;C:\Windows\System32\WindowsPowerShell\v1.0\;C:\Windows\System32\OpenSSH\;C:\ProgramData\chocolatey\bin;C:\Program Files\nodejs\;C:\Program Files\Git\cmd;C:\Program Files\Go\bin;C:\Program Files\MongoDB\Server\6.0\bin;C:\Program Files\MySQL\MySQL Shell 8.0\bin\;C:\Users\elank\AppData\Local\Microsoft\WindowsApps;C:\Users\elank\AppData\Local\Programs\Microsoft VS Code\bin;C:\Users\elank\AppData\Roaming\npm;C:\Users\elank\AppData\Local\Android\Sdk\platform-tools;C:\Users\elank\go\bin;C:\Program Files\Java\jre1.8.0_351\bin;
USERNAME=elank
OS=Windows_NT
PROCESSOR_IDENTIFIER=Intel64 Family 6 Model 23 Stepping 10, GenuineIntel
TMP=C:\Users\elank\AppData\Local\Temp
TEMP=C:\Users\elank\AppData\Local\Temp



---------------  S Y S T E M  ---------------

OS: Windows 10 , 64 bit Build 19041 (10.0.19041.2364)
OS uptime: 1 days 3:53 hours

CPU:total 2 (initial active 2) (2 cores per cpu, 1 threads per core) family 6 model 23 stepping 10 microcode 0xa0c, cmov, cx8, fxsr, mmx, sse, sse2, sse3, ssse3, sse4.1, tsc

Memory: 4k page, system-wide physical 2042M (91M free)
TotalPageFile size 8186M (AvailPageFile size 59M)
current process WorkingSet (physical memory assigned to process): 148M, peak: 176M
current process commit charge ("private bytes"): 281M, peak: 358M

vm_info: OpenJDK 64-Bit Server VM (11.0.16.1+1) for windows-amd64 JRE (11.0.16.1+1), built on Aug 16 2022 02:58:04 by "" with MS VC++ 15.9 (VS2017)

END.
